2017-03-03 8:15:55 PM, Info: Initializing SIMPLSharp Services...
2017-03-03 8:15:55 PM, Info: ProjectInfo successfully initialized.
2017-03-03 8:15:59 PM, Info: Saving project information...
2017-03-03 8:15:59 PM, Info: Saving project information...
2017-03-03 8:15:59 PM, Info: Saving project information...
2017-03-03 8:15:59 PM, Info: Saving project information...
2017-03-03 8:15:59 PM, Info: Saving project information...
2017-03-03 8:15:59 PM, Info: Saving project information...
2017-03-03 8:49:44 PM, Info: Saving project information...
2017-03-03 8:49:44 PM, Info: Saving project information...
2017-03-03 8:49:44 PM, Info: Saving project information...
2017-03-03 8:54:44 PM, Info: Saving project information...
2017-03-03 8:54:44 PM, Info: Saving project information...
2017-03-03 8:54:44 PM, Info: Saving project information...
2017-03-03 8:59:44 PM, Info: Saving project information...
2017-03-03 8:59:44 PM, Info: Saving project information...
2017-03-03 8:59:44 PM, Info: Saving project information...
2017-03-03 9:04:44 PM, Info: Saving project information...
2017-03-03 9:04:44 PM, Info: Saving project information...
2017-03-03 9:04:44 PM, Info: Saving project information...
2017-03-03 9:09:44 PM, Info: Saving project information...
2017-03-03 9:09:44 PM, Info: Saving project information...
2017-03-03 9:09:44 PM, Info: Saving project information...
2017-03-03 9:14:44 PM, Info: Saving project information...
2017-03-03 9:14:44 PM, Info: Saving project information...
2017-03-03 9:14:44 PM, Info: Saving project information...
2017-03-03 9:19:44 PM, Info: Saving project information...
2017-03-03 9:19:44 PM, Info: Saving project information...
2017-03-03 9:19:44 PM, Info: Saving project information...
2017-03-03 9:24:44 PM, Info: Saving project information...
2017-03-03 9:24:44 PM, Info: Saving project information...
2017-03-03 9:24:44 PM, Info: Saving project information...
2017-03-03 9:29:44 PM, Info: Saving project information...
2017-03-03 9:29:44 PM, Info: Saving project information...
2017-03-03 9:29:44 PM, Info: Saving project information...
2017-03-03 9:34:44 PM, Info: Saving project information...
2017-03-03 9:34:44 PM, Info: Saving project information...
2017-03-03 9:34:44 PM, Info: Saving project information...
2017-03-03 9:39:44 PM, Info: Saving project information...
2017-03-03 9:39:44 PM, Info: Saving project information...
2017-03-03 9:39:44 PM, Info: Saving project information...
2017-03-03 9:44:44 PM, Info: Saving project information...
2017-03-03 9:44:44 PM, Info: Saving project information...
2017-03-03 9:44:44 PM, Info: Saving project information...
2017-03-03 9:49:44 PM, Info: Saving project information...
2017-03-03 9:49:44 PM, Info: Saving project information...
2017-03-03 9:49:44 PM, Info: Saving project information...
2017-03-03 9:54:44 PM, Info: Saving project information...
2017-03-03 9:54:44 PM, Info: Saving project information...
2017-03-03 9:54:44 PM, Info: Saving project information...
2017-03-03 9:59:44 PM, Info: Saving project information...
2017-03-03 9:59:44 PM, Info: Saving project information...
2017-03-03 9:59:44 PM, Info: Saving project information...
2017-03-03 10:04:44 PM, Info: Saving project information...
2017-03-03 10:04:44 PM, Info: Saving project information...
2017-03-03 10:04:44 PM, Info: Saving project information...
2017-03-03 10:09:44 PM, Info: Saving project information...
2017-03-03 10:09:44 PM, Info: Saving project information...
2017-03-03 10:09:44 PM, Info: Saving project information...
2017-03-03 10:14:44 PM, Info: Saving project information...
2017-03-03 10:14:44 PM, Info: Saving project information...
2017-03-03 10:14:44 PM, Info: Saving project information...
2017-03-03 10:19:44 PM, Info: Saving project information...
2017-03-03 10:19:44 PM, Info: Saving project information...
2017-03-03 10:19:44 PM, Info: Saving project information...
2017-03-03 10:24:44 PM, Info: Saving project information...
2017-03-03 10:24:44 PM, Info: Saving project information...
2017-03-03 10:24:44 PM, Info: Saving project information...
2017-03-03 10:29:44 PM, Info: Saving project information...
2017-03-03 10:29:44 PM, Info: Saving project information...
2017-03-03 10:29:44 PM, Info: Saving project information...
2017-03-03 10:34:44 PM, Info: Saving project information...
2017-03-03 10:34:44 PM, Info: Saving project information...
2017-03-03 10:34:44 PM, Info: Saving project information...
2017-03-03 10:39:44 PM, Info: Saving project information...
2017-03-03 10:39:44 PM, Info: Saving project information...
2017-03-03 10:39:44 PM, Info: Saving project information...
2017-03-03 10:44:44 PM, Info: Saving project information...
2017-03-03 10:44:44 PM, Info: Saving project information...
2017-03-03 10:44:44 PM, Info: Saving project information...
2017-03-03 10:49:44 PM, Info: Saving project information...
2017-03-03 10:49:44 PM, Info: Saving project information...
2017-03-03 10:49:44 PM, Info: Saving project information...
2017-03-03 10:54:44 PM, Info: Saving project information...
2017-03-03 10:54:44 PM, Info: Saving project information...
2017-03-03 10:54:44 PM, Info: Saving project information...
2017-03-03 10:59:44 PM, Info: Saving project information...
2017-03-03 10:59:44 PM, Info: Saving project information...
2017-03-03 10:59:44 PM, Info: Saving project information...
2017-03-03 11:04:44 PM, Info: Saving project information...
2017-03-03 11:04:44 PM, Info: Saving project information...
2017-03-03 11:04:44 PM, Info: Saving project information...
2017-03-03 11:09:44 PM, Info: Saving project information...
2017-03-03 11:09:44 PM, Info: Saving project information...
2017-03-03 11:09:44 PM, Info: Saving project information...
2017-03-03 11:14:44 PM, Info: Saving project information...
2017-03-03 11:14:44 PM, Info: Saving project information...
2017-03-03 11:14:44 PM, Info: Saving project information...
2017-03-03 11:19:44 PM, Info: Saving project information...
2017-03-03 11:19:44 PM, Info: Saving project information...
2017-03-03 11:19:44 PM, Info: Saving project information...
2017-03-03 11:24:44 PM, Info: Saving project information...
2017-03-03 11:24:44 PM, Info: Saving project information...
2017-03-03 11:24:44 PM, Info: Saving project information...
2017-03-03 11:29:44 PM, Info: Saving project information...
2017-03-03 11:29:44 PM, Info: Saving project information...
2017-03-03 11:29:44 PM, Info: Saving project information...
2017-03-03 11:34:44 PM, Info: Saving project information...
2017-03-03 11:34:44 PM, Info: Saving project information...
2017-03-03 11:34:44 PM, Info: Saving project information...
2017-03-03 11:39:44 PM, Info: Saving project information...
2017-03-03 11:39:44 PM, Info: Saving project information...
2017-03-03 11:39:44 PM, Info: Saving project information...
2017-03-03 11:44:44 PM, Info: Saving project information...
2017-03-03 11:44:44 PM, Info: Saving project information...
2017-03-03 11:44:44 PM, Info: Saving project information...
2017-03-03 11:49:44 PM, Info: Saving project information...
2017-03-03 11:49:44 PM, Info: Saving project information...
2017-03-03 11:49:44 PM, Info: Saving project information...
2017-03-03 11:54:44 PM, Info: Saving project information...
2017-03-03 11:54:44 PM, Info: Saving project information...
2017-03-03 11:54:44 PM, Info: Saving project information...
2017-03-03 11:59:44 PM, Info: Saving project information...
2017-03-03 11:59:44 PM, Info: Saving project information...
2017-03-03 11:59:44 PM, Info: Saving project information...
2017-03-04 12:04:44 AM, Info: Saving project information...
2017-03-04 12:04:44 AM, Info: Saving project information...
2017-03-04 12:04:44 AM, Info: Saving project information...
2017-03-04 12:09:44 AM, Info: Saving project information...
2017-03-04 12:09:44 AM, Info: Saving project information...
2017-03-04 12:09:44 AM, Info: Saving project information...
2017-03-04 12:14:44 AM, Info: Saving project information...
2017-03-04 12:14:44 AM, Info: Saving project information...
2017-03-04 12:14:44 AM, Info: Saving project information...
2017-03-04 12:19:44 AM, Info: Saving project information...
2017-03-04 12:19:44 AM, Info: Saving project information...
2017-03-04 12:19:44 AM, Info: Saving project information...
2017-03-04 12:24:44 AM, Info: Saving project information...
2017-03-04 12:24:44 AM, Info: Saving project information...
2017-03-04 12:24:44 AM, Info: Saving project information...
2017-03-04 12:29:44 AM, Info: Saving project information...
2017-03-04 12:29:44 AM, Info: Saving project information...
2017-03-04 12:29:44 AM, Info: Saving project information...
2017-03-04 12:34:44 AM, Info: Saving project information...
2017-03-04 12:34:44 AM, Info: Saving project information...
2017-03-04 12:34:44 AM, Info: Saving project information...
2017-03-04 12:39:44 AM, Info: Saving project information...
2017-03-04 12:39:44 AM, Info: Saving project information...
2017-03-04 12:39:44 AM, Info: Saving project information...
2017-03-04 12:44:44 AM, Info: Saving project information...
2017-03-04 12:44:44 AM, Info: Saving project information...
2017-03-04 12:44:44 AM, Info: Saving project information...
2017-03-04 12:49:44 AM, Info: Saving project information...
2017-03-04 12:49:44 AM, Info: Saving project information...
2017-03-04 12:49:44 AM, Info: Saving project information...
2017-03-04 12:54:44 AM, Info: Saving project information...
2017-03-04 12:54:44 AM, Info: Saving project information...
2017-03-04 12:54:44 AM, Info: Saving project information...
2017-03-04 12:59:44 AM, Info: Saving project information...
2017-03-04 12:59:44 AM, Info: Saving project information...
2017-03-04 12:59:44 AM, Info: Saving project information...
2017-03-04 1:04:44 AM, Info: Saving project information...
2017-03-04 1:04:44 AM, Info: Saving project information...
2017-03-04 1:04:44 AM, Info: Saving project information...
2017-03-04 1:09:44 AM, Info: Saving project information...
2017-03-04 1:09:44 AM, Info: Saving project information...
2017-03-04 1:09:44 AM, Info: Saving project information...
2017-03-04 1:14:44 AM, Info: Saving project information...
2017-03-04 1:14:44 AM, Info: Saving project information...
2017-03-04 1:14:44 AM, Info: Saving project information...
2017-03-04 1:19:44 AM, Info: Saving project information...
2017-03-04 1:19:44 AM, Info: Saving project information...
2017-03-04 1:19:44 AM, Info: Saving project information...
2017-03-04 1:24:44 AM, Info: Saving project information...
2017-03-04 1:24:44 AM, Info: Saving project information...
2017-03-04 1:24:44 AM, Info: Saving project information...
2017-03-04 1:29:44 AM, Info: Saving project information...
2017-03-04 1:29:44 AM, Info: Saving project information...
2017-03-04 1:29:44 AM, Info: Saving project information...
2017-03-04 1:34:44 AM, Info: Saving project information...
2017-03-04 1:34:44 AM, Info: Saving project information...
2017-03-04 1:34:44 AM, Info: Saving project information...
2017-03-04 1:39:44 AM, Info: Saving project information...
2017-03-04 1:39:44 AM, Info: Saving project information...
2017-03-04 1:39:44 AM, Info: Saving project information...
2017-03-04 1:44:44 AM, Info: Saving project information...
2017-03-04 1:44:44 AM, Info: Saving project information...
2017-03-04 1:44:44 AM, Info: Saving project information...
2017-03-04 1:49:44 AM, Info: Saving project information...
2017-03-04 1:49:44 AM, Info: Saving project information...
2017-03-04 1:49:44 AM, Info: Saving project information...
2017-03-04 1:54:44 AM, Info: Saving project information...
2017-03-04 1:54:44 AM, Info: Saving project information...
2017-03-04 1:54:44 AM, Info: Saving project information...
2017-03-04 1:59:44 AM, Info: Saving project information...
2017-03-04 1:59:44 AM, Info: Saving project information...
2017-03-04 1:59:44 AM, Info: Saving project information...
2017-03-04 2:04:44 AM, Info: Saving project information...
2017-03-04 2:04:44 AM, Info: Saving project information...
2017-03-04 2:04:44 AM, Info: Saving project information...
2017-03-04 2:09:44 AM, Info: Saving project information...
2017-03-04 2:09:44 AM, Info: Saving project information...
2017-03-04 2:09:44 AM, Info: Saving project information...
2017-03-04 2:14:44 AM, Info: Saving project information...
2017-03-04 2:14:44 AM, Info: Saving project information...
2017-03-04 2:14:44 AM, Info: Saving project information...
2017-03-04 2:19:44 AM, Info: Saving project information...
2017-03-04 2:19:44 AM, Info: Saving project information...
2017-03-04 2:19:44 AM, Info: Saving project information...
2017-03-04 2:24:44 AM, Info: Saving project information...
2017-03-04 2:24:44 AM, Info: Saving project information...
2017-03-04 2:24:44 AM, Info: Saving project information...
2017-03-04 2:29:44 AM, Info: Saving project information...
2017-03-04 2:29:44 AM, Info: Saving project information...
2017-03-04 2:29:44 AM, Info: Saving project information...
2017-03-04 2:34:44 AM, Info: Saving project information...
2017-03-04 2:34:44 AM, Info: Saving project information...
2017-03-04 2:34:44 AM, Info: Saving project information...
2017-03-04 2:39:44 AM, Info: Saving project information...
2017-03-04 2:39:44 AM, Info: Saving project information...
2017-03-04 2:39:44 AM, Info: Saving project information...
2017-03-04 2:44:44 AM, Info: Saving project information...
2017-03-04 2:44:44 AM, Info: Saving project information...
2017-03-04 2:44:44 AM, Info: Saving project information...
2017-03-04 2:49:44 AM, Info: Saving project information...
2017-03-04 2:49:44 AM, Info: Saving project information...
2017-03-04 2:49:44 AM, Info: Saving project information...
2017-03-04 2:54:44 AM, Info: Saving project information...
2017-03-04 2:54:44 AM, Info: Saving project information...
2017-03-04 2:54:44 AM, Info: Saving project information...
2017-03-04 2:59:44 AM, Info: Saving project information...
2017-03-04 2:59:44 AM, Info: Saving project information...
2017-03-04 2:59:44 AM, Info: Saving project information...
2017-03-04 3:04:44 AM, Info: Saving project information...
2017-03-04 3:04:44 AM, Info: Saving project information...
2017-03-04 3:04:44 AM, Info: Saving project information...
2017-03-04 3:09:44 AM, Info: Saving project information...
2017-03-04 3:09:44 AM, Info: Saving project information...
2017-03-04 3:09:44 AM, Info: Saving project information...
2017-03-04 3:14:44 AM, Info: Saving project information...
2017-03-04 3:14:44 AM, Info: Saving project information...
2017-03-04 3:14:44 AM, Info: Saving project information...
2017-03-04 3:19:44 AM, Info: Saving project information...
2017-03-04 3:19:44 AM, Info: Saving project information...
2017-03-04 3:19:44 AM, Info: Saving project information...
2017-03-04 3:24:44 AM, Info: Saving project information...
2017-03-04 3:24:44 AM, Info: Saving project information...
2017-03-04 3:24:44 AM, Info: Saving project information...
2017-03-04 3:29:44 AM, Info: Saving project information...
2017-03-04 3:29:44 AM, Info: Saving project information...
2017-03-04 3:29:44 AM, Info: Saving project information...
2017-03-04 3:34:44 AM, Info: Saving project information...
2017-03-04 3:34:44 AM, Info: Saving project information...
2017-03-04 3:34:44 AM, Info: Saving project information...
2017-03-04 3:39:44 AM, Info: Saving project information...
2017-03-04 3:39:44 AM, Info: Saving project information...
2017-03-04 3:39:44 AM, Info: Saving project information...
2017-03-04 3:44:44 AM, Info: Saving project information...
2017-03-04 3:44:44 AM, Info: Saving project information...
2017-03-04 3:44:44 AM, Info: Saving project information...
2017-03-04 3:49:44 AM, Info: Saving project information...
2017-03-04 3:49:44 AM, Info: Saving project information...
2017-03-04 3:49:44 AM, Info: Saving project information...
2017-03-04 3:54:44 AM, Info: Saving project information...
2017-03-04 3:54:44 AM, Info: Saving project information...
2017-03-04 3:54:44 AM, Info: Saving project information...
2017-03-04 3:59:44 AM, Info: Saving project information...
2017-03-04 3:59:44 AM, Info: Saving project information...
2017-03-04 3:59:44 AM, Info: Saving project information...
2017-03-04 4:04:44 AM, Info: Saving project information...
2017-03-04 4:04:44 AM, Info: Saving project information...
2017-03-04 4:04:44 AM, Info: Saving project information...
2017-03-04 4:09:44 AM, Info: Saving project information...
2017-03-04 4:09:44 AM, Info: Saving project information...
2017-03-04 4:09:44 AM, Info: Saving project information...
2017-03-04 4:14:44 AM, Info: Saving project information...
2017-03-04 4:14:44 AM, Info: Saving project information...
2017-03-04 4:14:44 AM, Info: Saving project information...
2017-03-04 4:19:44 AM, Info: Saving project information...
2017-03-04 4:19:44 AM, Info: Saving project information...
2017-03-04 4:19:44 AM, Info: Saving project information...
2017-03-04 4:24:44 AM, Info: Saving project information...
2017-03-04 4:24:44 AM, Info: Saving project information...
2017-03-04 4:24:44 AM, Info: Saving project information...
2017-03-04 4:29:44 AM, Info: Saving project information...
2017-03-04 4:29:44 AM, Info: Saving project information...
2017-03-04 4:29:44 AM, Info: Saving project information...
2017-03-04 4:34:44 AM, Info: Saving project information...
2017-03-04 4:34:44 AM, Info: Saving project information...
2017-03-04 4:34:44 AM, Info: Saving project information...
2017-03-04 4:39:44 AM, Info: Saving project information...
2017-03-04 4:39:44 AM, Info: Saving project information...
2017-03-04 4:39:44 AM, Info: Saving project information...
2017-03-04 4:44:44 AM, Info: Saving project information...
2017-03-04 4:44:44 AM, Info: Saving project information...
2017-03-04 4:44:44 AM, Info: Saving project information...
2017-03-04 4:49:44 AM, Info: Saving project information...
2017-03-04 4:49:44 AM, Info: Saving project information...
2017-03-04 4:49:44 AM, Info: Saving project information...
2017-03-04 4:54:44 AM, Info: Saving project information...
2017-03-04 4:54:44 AM, Info: Saving project information...
2017-03-04 4:54:44 AM, Info: Saving project information...
2017-03-04 4:59:44 AM, Info: Saving project information...
2017-03-04 4:59:44 AM, Info: Saving project information...
2017-03-04 4:59:44 AM, Info: Saving project information...
2017-03-04 5:04:44 AM, Info: Saving project information...
2017-03-04 5:04:44 AM, Info: Saving project information...
2017-03-04 5:04:44 AM, Info: Saving project information...
2017-03-04 5:09:44 AM, Info: Saving project information...
2017-03-04 5:09:44 AM, Info: Saving project information...
2017-03-04 5:09:44 AM, Info: Saving project information...
2017-03-04 5:14:44 AM, Info: Saving project information...
2017-03-04 5:14:44 AM, Info: Saving project information...
2017-03-04 5:14:44 AM, Info: Saving project information...
2017-03-04 5:19:44 AM, Info: Saving project information...
2017-03-04 5:19:44 AM, Info: Saving project information...
2017-03-04 5:19:44 AM, Info: Saving project information...
2017-03-04 5:24:44 AM, Info: Saving project information...
2017-03-04 5:24:44 AM, Info: Saving project information...
2017-03-04 5:24:44 AM, Info: Saving project information...
2017-03-04 5:29:44 AM, Info: Saving project information...
2017-03-04 5:29:44 AM, Info: Saving project information...
2017-03-04 5:29:44 AM, Info: Saving project information...
2017-03-04 5:34:44 AM, Info: Saving project information...
2017-03-04 5:34:44 AM, Info: Saving project information...
2017-03-04 5:34:44 AM, Info: Saving project information...
2017-03-04 5:39:44 AM, Info: Saving project information...
2017-03-04 5:39:44 AM, Info: Saving project information...
2017-03-04 5:39:44 AM, Info: Saving project information...
2017-03-04 5:44:44 AM, Info: Saving project information...
2017-03-04 5:44:44 AM, Info: Saving project information...
2017-03-04 5:44:44 AM, Info: Saving project information...
2017-03-04 5:49:44 AM, Info: Saving project information...
2017-03-04 5:49:44 AM, Info: Saving project information...
2017-03-04 5:49:44 AM, Info: Saving project information...
2017-03-04 5:54:44 AM, Info: Saving project information...
2017-03-04 5:54:44 AM, Info: Saving project information...
2017-03-04 5:54:44 AM, Info: Saving project information...
2017-03-04 5:59:44 AM, Info: Saving project information...
2017-03-04 5:59:44 AM, Info: Saving project information...
2017-03-04 5:59:44 AM, Info: Saving project information...
2017-03-04 6:04:44 AM, Info: Saving project information...
2017-03-04 6:04:44 AM, Info: Saving project information...
2017-03-04 6:04:44 AM, Info: Saving project information...
2017-03-04 6:09:44 AM, Info: Saving project information...
2017-03-04 6:09:44 AM, Info: Saving project information...
2017-03-04 6:09:44 AM, Info: Saving project information...
2017-03-04 6:14:44 AM, Info: Saving project information...
2017-03-04 6:14:44 AM, Info: Saving project information...
2017-03-04 6:14:44 AM, Info: Saving project information...
2017-03-04 6:19:44 AM, Info: Saving project information...
2017-03-04 6:19:44 AM, Info: Saving project information...
2017-03-04 6:19:44 AM, Info: Saving project information...
2017-03-04 6:24:44 AM, Info: Saving project information...
2017-03-04 6:24:44 AM, Info: Saving project information...
2017-03-04 6:24:44 AM, Info: Saving project information...
2017-03-04 6:29:44 AM, Info: Saving project information...
2017-03-04 6:29:44 AM, Info: Saving project information...
2017-03-04 6:29:44 AM, Info: Saving project information...
2017-03-04 6:34:44 AM, Info: Saving project information...
2017-03-04 6:34:44 AM, Info: Saving project information...
2017-03-04 6:34:44 AM, Info: Saving project information...
2017-03-04 6:39:44 AM, Info: Saving project information...
2017-03-04 6:39:44 AM, Info: Saving project information...
2017-03-04 6:39:44 AM, Info: Saving project information...
2017-03-04 6:44:44 AM, Info: Saving project information...
2017-03-04 6:44:44 AM, Info: Saving project information...
2017-03-04 6:44:44 AM, Info: Saving project information...
2017-03-04 6:49:44 AM, Info: Saving project information...
2017-03-04 6:49:44 AM, Info: Saving project information...
2017-03-04 6:49:44 AM, Info: Saving project information...
2017-03-04 6:54:44 AM, Info: Saving project information...
2017-03-04 6:54:44 AM, Info: Saving project information...
2017-03-04 6:54:44 AM, Info: Saving project information...
2017-03-04 6:59:44 AM, Info: Saving project information...
2017-03-04 6:59:44 AM, Info: Saving project information...
2017-03-04 6:59:44 AM, Info: Saving project information...
2017-03-04 7:04:44 AM, Info: Saving project information...
2017-03-04 7:04:44 AM, Info: Saving project information...
2017-03-04 7:04:44 AM, Info: Saving project information...
2017-03-04 7:09:44 AM, Info: Saving project information...
2017-03-04 7:09:44 AM, Info: Saving project information...
2017-03-04 7:09:44 AM, Info: Saving project information...
2017-03-04 7:14:44 AM, Info: Saving project information...
2017-03-04 7:14:44 AM, Info: Saving project information...
2017-03-04 7:14:44 AM, Info: Saving project information...
2017-03-04 7:19:44 AM, Info: Saving project information...
2017-03-04 7:19:44 AM, Info: Saving project information...
2017-03-04 7:19:44 AM, Info: Saving project information...
2017-03-04 7:24:44 AM, Info: Saving project information...
2017-03-04 7:24:44 AM, Info: Saving project information...
2017-03-04 7:24:44 AM, Info: Saving project information...
2017-03-04 7:29:44 AM, Info: Saving project information...
2017-03-04 7:29:44 AM, Info: Saving project information...
2017-03-04 7:29:44 AM, Info: Saving project information...
2017-03-04 7:34:44 AM, Info: Saving project information...
2017-03-04 7:34:44 AM, Info: Saving project information...
2017-03-04 7:34:44 AM, Info: Saving project information...
2017-03-04 7:39:44 AM, Info: Saving project information...
2017-03-04 7:39:44 AM, Info: Saving project information...
2017-03-04 7:39:44 AM, Info: Saving project information...
2017-03-04 7:44:44 AM, Info: Saving project information...
2017-03-04 7:44:44 AM, Info: Saving project information...
2017-03-04 7:44:44 AM, Info: Saving project information...
2017-03-04 7:49:44 AM, Info: Saving project information...
2017-03-04 7:49:44 AM, Info: Saving project information...
2017-03-04 7:49:44 AM, Info: Saving project information...
2017-03-04 7:54:44 AM, Info: Saving project information...
2017-03-04 7:54:44 AM, Info: Saving project information...
2017-03-04 7:54:44 AM, Info: Saving project information...
2017-03-04 7:59:44 AM, Info: Saving project information...
2017-03-04 7:59:44 AM, Info: Saving project information...
2017-03-04 7:59:44 AM, Info: Saving project information...
2017-03-04 8:04:44 AM, Info: Saving project information...
2017-03-04 8:04:44 AM, Info: Saving project information...
2017-03-04 8:04:44 AM, Info: Saving project information...
2017-03-04 8:09:44 AM, Info: Saving project information...
2017-03-04 8:09:44 AM, Info: Saving project information...
2017-03-04 8:09:44 AM, Info: Saving project information...
2017-03-04 8:14:44 AM, Info: Saving project information...
2017-03-04 8:14:44 AM, Info: Saving project information...
2017-03-04 8:14:44 AM, Info: Saving project information...
2017-03-04 8:19:44 AM, Info: Saving project information...
2017-03-04 8:19:44 AM, Info: Saving project information...
2017-03-04 8:19:44 AM, Info: Saving project information...
2017-03-04 8:24:44 AM, Info: Saving project information...
2017-03-04 8:24:44 AM, Info: Saving project information...
2017-03-04 8:24:44 AM, Info: Saving project information...
2017-03-04 8:29:44 AM, Info: Saving project information...
2017-03-04 8:29:44 AM, Info: Saving project information...
2017-03-04 8:29:44 AM, Info: Saving project information...
2017-03-04 8:34:44 AM, Info: Saving project information...
2017-03-04 8:34:44 AM, Info: Saving project information...
2017-03-04 8:34:44 AM, Info: Saving project information...
2017-03-04 8:39:44 AM, Info: Saving project information...
2017-03-04 8:39:44 AM, Info: Saving project information...
2017-03-04 8:39:44 AM, Info: Saving project information...
2017-03-04 8:44:44 AM, Info: Saving project information...
2017-03-04 8:44:44 AM, Info: Saving project information...
2017-03-04 8:44:44 AM, Info: Saving project information...
2017-03-04 8:49:44 AM, Info: Saving project information...
2017-03-04 8:49:44 AM, Info: Saving project information...
2017-03-04 8:49:44 AM, Info: Saving project information...
2017-03-04 8:54:44 AM, Info: Saving project information...
2017-03-04 8:54:44 AM, Info: Saving project information...
2017-03-04 8:54:44 AM, Info: Saving project information...
2017-03-04 8:59:44 AM, Info: Saving project information...
2017-03-04 8:59:44 AM, Info: Saving project information...
2017-03-04 8:59:44 AM, Info: Saving project information...
2017-03-04 9:04:44 AM, Info: Saving project information...
2017-03-04 9:04:44 AM, Info: Saving project information...
2017-03-04 9:04:44 AM, Info: Saving project information...
2017-03-04 9:09:44 AM, Info: Saving project information...
2017-03-04 9:09:44 AM, Info: Saving project information...
2017-03-04 9:09:44 AM, Info: Saving project information...
2017-03-04 9:14:44 AM, Info: Saving project information...
2017-03-04 9:14:44 AM, Info: Saving project information...
2017-03-04 9:14:44 AM, Info: Saving project information...
2017-03-04 9:19:44 AM, Info: Saving project information...
2017-03-04 9:19:44 AM, Info: Saving project information...
2017-03-04 9:19:44 AM, Info: Saving project information...
2017-03-04 9:24:44 AM, Info: Saving project information...
2017-03-04 9:24:44 AM, Info: Saving project information...
2017-03-04 9:24:44 AM, Info: Saving project information...
2017-03-04 9:29:44 AM, Info: Saving project information...
2017-03-04 9:29:44 AM, Info: Saving project information...
2017-03-04 9:29:44 AM, Info: Saving project information...
2017-03-04 9:34:44 AM, Info: Saving project information...
2017-03-04 9:34:44 AM, Info: Saving project information...
2017-03-04 9:34:44 AM, Info: Saving project information...
2017-03-04 9:39:44 AM, Info: Saving project information...
2017-03-04 9:39:44 AM, Info: Saving project information...
2017-03-04 9:39:44 AM, Info: Saving project information...
2017-03-04 9:44:44 AM, Info: Saving project information...
2017-03-04 9:44:44 AM, Info: Saving project information...
2017-03-04 9:44:44 AM, Info: Saving project information...
2017-03-04 9:49:44 AM, Info: Saving project information...
2017-03-04 9:49:44 AM, Info: Saving project information...
2017-03-04 9:49:44 AM, Info: Saving project information...
2017-03-04 9:54:44 AM, Info: Saving project information...
2017-03-04 9:54:44 AM, Info: Saving project information...
2017-03-04 9:54:44 AM, Info: Saving project information...
2017-03-04 9:59:44 AM, Info: Saving project information...
2017-03-04 9:59:44 AM, Info: Saving project information...
2017-03-04 9:59:44 AM, Info: Saving project information...
2017-03-04 10:04:44 AM, Info: Saving project information...
2017-03-04 10:04:44 AM, Info: Saving project information...
2017-03-04 10:04:44 AM, Info: Saving project information...
2017-03-04 10:09:44 AM, Info: Saving project information...
2017-03-04 10:09:44 AM, Info: Saving project information...
2017-03-04 10:09:44 AM, Info: Saving project information...
2017-03-04 10:14:44 AM, Info: Saving project information...
2017-03-04 10:14:44 AM, Info: Saving project information...
2017-03-04 10:14:44 AM, Info: Saving project information...
2017-03-04 10:19:44 AM, Info: Saving project information...
2017-03-04 10:19:44 AM, Info: Saving project information...
2017-03-04 10:19:44 AM, Info: Saving project information...
2017-03-04 10:24:44 AM, Info: Saving project information...
2017-03-04 10:24:44 AM, Info: Saving project information...
2017-03-04 10:24:44 AM, Info: Saving project information...
2017-03-04 10:29:44 AM, Info: Saving project information...
2017-03-04 10:29:44 AM, Info: Saving project information...
2017-03-04 10:29:44 AM, Info: Saving project information...
2017-03-04 10:34:44 AM, Info: Saving project information...
2017-03-04 10:34:44 AM, Info: Saving project information...
2017-03-04 10:34:44 AM, Info: Saving project information...
2017-03-04 10:39:44 AM, Info: Saving project information...
2017-03-04 10:39:44 AM, Info: Saving project information...
2017-03-04 10:39:44 AM, Info: Saving project information...
2017-03-04 10:44:44 AM, Info: Saving project information...
2017-03-04 10:44:44 AM, Info: Saving project information...
2017-03-04 10:44:44 AM, Info: Saving project information...
2017-03-04 10:49:44 AM, Info: Saving project information...
2017-03-04 10:49:44 AM, Info: Saving project information...
2017-03-04 10:49:44 AM, Info: Saving project information...
2017-03-04 10:54:44 AM, Info: Saving project information...
2017-03-04 10:54:44 AM, Info: Saving project information...
2017-03-04 10:54:44 AM, Info: Saving project information...
2017-03-04 10:59:44 AM, Info: Saving project information...
2017-03-04 10:59:44 AM, Info: Saving project information...
2017-03-04 10:59:44 AM, Info: Saving project information...
2017-03-04 11:04:44 AM, Info: Saving project information...
2017-03-04 11:04:44 AM, Info: Saving project information...
2017-03-04 11:04:44 AM, Info: Saving project information...
2017-03-04 11:09:44 AM, Info: Saving project information...
2017-03-04 11:09:44 AM, Info: Saving project information...
2017-03-04 11:09:44 AM, Info: Saving project information...
2017-03-04 11:14:44 AM, Info: Saving project information...
2017-03-04 11:14:44 AM, Info: Saving project information...
2017-03-04 11:14:44 AM, Info: Saving project information...
2017-03-04 11:19:44 AM, Info: Saving project information...
2017-03-04 11:19:44 AM, Info: Saving project information...
2017-03-04 11:19:44 AM, Info: Saving project information...
2017-03-04 11:24:44 AM, Info: Saving project information...
2017-03-04 11:24:44 AM, Info: Saving project information...
2017-03-04 11:24:44 AM, Info: Saving project information...
2017-03-04 11:29:44 AM, Info: Saving project information...
2017-03-04 11:29:44 AM, Info: Saving project information...
2017-03-04 11:29:44 AM, Info: Saving project information...
2017-03-04 11:34:44 AM, Info: Saving project information...
2017-03-04 11:34:44 AM, Info: Saving project information...
2017-03-04 11:34:44 AM, Info: Saving project information...
2017-03-04 11:39:44 AM, Info: Saving project information...
2017-03-04 11:39:44 AM, Info: Saving project information...
2017-03-04 11:39:44 AM, Info: Saving project information...
2017-03-04 11:44:44 AM, Info: Saving project information...
2017-03-04 11:44:44 AM, Info: Saving project information...
2017-03-04 11:44:44 AM, Info: Saving project information...
2017-03-04 11:49:44 AM, Info: Saving project information...
2017-03-04 11:49:44 AM, Info: Saving project information...
2017-03-04 11:49:44 AM, Info: Saving project information...
2017-03-04 11:54:44 AM, Info: Saving project information...
2017-03-04 11:54:44 AM, Info: Saving project information...
2017-03-04 11:54:44 AM, Info: Saving project information...
2017-03-04 11:59:44 AM, Info: Saving project information...
2017-03-04 11:59:44 AM, Info: Saving project information...
2017-03-04 11:59:44 AM, Info: Saving project information...
2017-03-04 12:04:44 PM, Info: Saving project information...
2017-03-04 12:04:44 PM, Info: Saving project information...
2017-03-04 12:04:44 PM, Info: Saving project information...
2017-03-04 12:09:44 PM, Info: Saving project information...
2017-03-04 12:09:44 PM, Info: Saving project information...
2017-03-04 12:09:44 PM, Info: Saving project information...
2017-03-04 12:14:44 PM, Info: Saving project information...
2017-03-04 12:14:44 PM, Info: Saving project information...
2017-03-04 12:14:44 PM, Info: Saving project information...
2017-03-04 12:19:44 PM, Info: Saving project information...
2017-03-04 12:19:44 PM, Info: Saving project information...
2017-03-04 12:19:44 PM, Info: Saving project information...
2017-03-04 12:24:44 PM, Info: Saving project information...
2017-03-04 12:24:44 PM, Info: Saving project information...
2017-03-04 12:24:44 PM, Info: Saving project information...
2017-03-04 12:29:44 PM, Info: Saving project information...
2017-03-04 12:29:44 PM, Info: Saving project information...
2017-03-04 12:29:44 PM, Info: Saving project information...
2017-03-04 12:34:44 PM, Info: Saving project information...
2017-03-04 12:34:44 PM, Info: Saving project information...
2017-03-04 12:34:44 PM, Info: Saving project information...
2017-03-04 12:39:44 PM, Info: Saving project information...
2017-03-04 12:39:44 PM, Info: Saving project information...
2017-03-04 12:39:44 PM, Info: Saving project information...
2017-03-04 12:44:44 PM, Info: Saving project information...
2017-03-04 12:44:44 PM, Info: Saving project information...
2017-03-04 12:44:44 PM, Info: Saving project information...
2017-03-04 12:49:44 PM, Info: Saving project information...
2017-03-04 12:49:44 PM, Info: Saving project information...
2017-03-04 12:49:44 PM, Info: Saving project information...
2017-03-04 12:54:44 PM, Info: Saving project information...
2017-03-04 12:54:44 PM, Info: Saving project information...
2017-03-04 12:54:44 PM, Info: Saving project information...
2017-03-04 12:59:44 PM, Info: Saving project information...
2017-03-04 12:59:44 PM, Info: Saving project information...
2017-03-04 12:59:44 PM, Info: Saving project information...
2017-03-04 1:04:44 PM, Info: Saving project information...
2017-03-04 1:04:44 PM, Info: Saving project information...
2017-03-04 1:04:44 PM, Info: Saving project information...
2017-03-04 1:09:44 PM, Info: Saving project information...
2017-03-04 1:09:44 PM, Info: Saving project information...
2017-03-04 1:09:44 PM, Info: Saving project information...
2017-03-04 1:14:44 PM, Info: Saving project information...
2017-03-04 1:14:44 PM, Info: Saving project information...
2017-03-04 1:14:44 PM, Info: Saving project information...
2017-03-04 1:19:44 PM, Info: Saving project information...
2017-03-04 1:19:44 PM, Info: Saving project information...
2017-03-04 1:19:44 PM, Info: Saving project information...
2017-03-04 1:24:44 PM, Info: Saving project information...
2017-03-04 1:24:44 PM, Info: Saving project information...
2017-03-04 1:24:44 PM, Info: Saving project information...
2017-03-04 1:29:44 PM, Info: Saving project information...
2017-03-04 1:29:44 PM, Info: Saving project information...
2017-03-04 1:29:44 PM, Info: Saving project information...
2017-03-04 1:34:44 PM, Info: Saving project information...
2017-03-04 1:34:44 PM, Info: Saving project information...
2017-03-04 1:34:44 PM, Info: Saving project information...
2017-03-04 1:39:44 PM, Info: Saving project information...
2017-03-04 1:39:44 PM, Info: Saving project information...
2017-03-04 1:39:44 PM, Info: Saving project information...
2017-03-04 1:44:44 PM, Info: Saving project information...
2017-03-04 1:44:44 PM, Info: Saving project information...
2017-03-04 1:44:44 PM, Info: Saving project information...
2017-03-04 1:49:44 PM, Info: Saving project information...
2017-03-04 1:49:44 PM, Info: Saving project information...
2017-03-04 1:49:44 PM, Info: Saving project information...
2017-03-04 1:54:44 PM, Info: Saving project information...
2017-03-04 1:54:44 PM, Info: Saving project information...
2017-03-04 1:54:44 PM, Info: Saving project information...
2017-03-04 1:59:44 PM, Info: Saving project information...
2017-03-04 1:59:44 PM, Info: Saving project information...
2017-03-04 1:59:44 PM, Info: Saving project information...
2017-03-04 2:04:44 PM, Info: Saving project information...
2017-03-04 2:04:44 PM, Info: Saving project information...
2017-03-04 2:04:44 PM, Info: Saving project information...
2017-03-04 2:09:44 PM, Info: Saving project information...
2017-03-04 2:09:44 PM, Info: Saving project information...
2017-03-04 2:09:44 PM, Info: Saving project information...
2017-03-04 2:14:44 PM, Info: Saving project information...
2017-03-04 2:14:44 PM, Info: Saving project information...
2017-03-04 2:14:44 PM, Info: Saving project information...
2017-03-04 2:19:44 PM, Info: Saving project information...
2017-03-04 2:19:44 PM, Info: Saving project information...
2017-03-04 2:19:44 PM, Info: Saving project information...
2017-03-04 2:24:44 PM, Info: Saving project information...
2017-03-04 2:24:44 PM, Info: Saving project information...
2017-03-04 2:24:44 PM, Info: Saving project information...
2017-03-04 2:29:44 PM, Info: Saving project information...
2017-03-04 2:29:44 PM, Info: Saving project information...
2017-03-04 2:29:44 PM, Info: Saving project information...
2017-03-04 2:34:44 PM, Info: Saving project information...
2017-03-04 2:34:44 PM, Info: Saving project information...
2017-03-04 2:34:44 PM, Info: Saving project information...
2017-03-04 2:39:44 PM, Info: Saving project information...
2017-03-04 2:39:44 PM, Info: Saving project information...
2017-03-04 2:39:44 PM, Info: Saving project information...
2017-03-04 2:44:44 PM, Info: Saving project information...
2017-03-04 2:44:44 PM, Info: Saving project information...
2017-03-04 2:44:44 PM, Info: Saving project information...
2017-03-04 2:49:44 PM, Info: Saving project information...
2017-03-04 2:49:44 PM, Info: Saving project information...
2017-03-04 2:49:44 PM, Info: Saving project information...
2017-03-04 2:54:44 PM, Info: Saving project information...
2017-03-04 2:54:44 PM, Info: Saving project information...
2017-03-04 2:54:44 PM, Info: Saving project information...
2017-03-04 2:59:44 PM, Info: Saving project information...
2017-03-04 2:59:44 PM, Info: Saving project information...
2017-03-04 2:59:44 PM, Info: Saving project information...
2017-03-04 3:04:44 PM, Info: Saving project information...
2017-03-04 3:04:44 PM, Info: Saving project information...
2017-03-04 3:04:44 PM, Info: Saving project information...
2017-03-04 3:09:44 PM, Info: Saving project information...
2017-03-04 3:09:44 PM, Info: Saving project information...
2017-03-04 3:09:44 PM, Info: Saving project information...
2017-03-04 3:14:44 PM, Info: Saving project information...
2017-03-04 3:14:44 PM, Info: Saving project information...
2017-03-04 3:14:44 PM, Info: Saving project information...
2017-03-04 3:19:44 PM, Info: Saving project information...
2017-03-04 3:19:44 PM, Info: Saving project information...
2017-03-04 3:19:44 PM, Info: Saving project information...
2017-03-04 3:24:44 PM, Info: Saving project information...
2017-03-04 3:24:44 PM, Info: Saving project information...
2017-03-04 3:24:44 PM, Info: Saving project information...
2017-03-04 3:29:44 PM, Info: Saving project information...
2017-03-04 3:29:44 PM, Info: Saving project information...
2017-03-04 3:29:44 PM, Info: Saving project information...
2017-03-04 3:34:44 PM, Info: Saving project information...
2017-03-04 3:34:44 PM, Info: Saving project information...
2017-03-04 3:34:44 PM, Info: Saving project information...
2017-03-04 3:39:44 PM, Info: Saving project information...
2017-03-04 3:39:44 PM, Info: Saving project information...
2017-03-04 3:39:44 PM, Info: Saving project information...
2017-03-04 3:44:44 PM, Info: Saving project information...
2017-03-04 3:44:44 PM, Info: Saving project information...
2017-03-04 3:44:44 PM, Info: Saving project information...
2017-03-04 3:49:44 PM, Info: Saving project information...
2017-03-04 3:49:44 PM, Info: Saving project information...
2017-03-04 3:49:44 PM, Info: Saving project information...
2017-03-04 3:54:44 PM, Info: Saving project information...
2017-03-04 3:54:44 PM, Info: Saving project information...
2017-03-04 3:54:44 PM, Info: Saving project information...
2017-03-04 3:59:44 PM, Info: Saving project information...
2017-03-04 3:59:44 PM, Info: Saving project information...
2017-03-04 3:59:44 PM, Info: Saving project information...
2017-03-04 4:04:44 PM, Info: Saving project information...
2017-03-04 4:04:44 PM, Info: Saving project information...
2017-03-04 4:04:44 PM, Info: Saving project information...
2017-03-04 4:09:44 PM, Info: Saving project information...
2017-03-04 4:09:44 PM, Info: Saving project information...
2017-03-04 4:09:44 PM, Info: Saving project information...
2017-03-04 4:14:44 PM, Info: Saving project information...
2017-03-04 4:14:44 PM, Info: Saving project information...
2017-03-04 4:14:44 PM, Info: Saving project information...
2017-03-04 4:19:44 PM, Info: Saving project information...
2017-03-04 4:19:44 PM, Info: Saving project information...
2017-03-04 4:19:44 PM, Info: Saving project information...
2017-03-04 4:24:44 PM, Info: Saving project information...
2017-03-04 4:24:44 PM, Info: Saving project information...
2017-03-04 4:24:44 PM, Info: Saving project information...
2017-03-04 4:29:44 PM, Info: Saving project information...
2017-03-04 4:29:44 PM, Info: Saving project information...
2017-03-04 4:29:44 PM, Info: Saving project information...
2017-03-04 4:34:44 PM, Info: Saving project information...
2017-03-04 4:34:44 PM, Info: Saving project information...
2017-03-04 4:34:44 PM, Info: Saving project information...
2017-03-04 4:39:44 PM, Info: Saving project information...
2017-03-04 4:39:44 PM, Info: Saving project information...
2017-03-04 4:39:44 PM, Info: Saving project information...
2017-03-04 4:44:44 PM, Info: Saving project information...
2017-03-04 4:44:44 PM, Info: Saving project information...
2017-03-04 4:44:44 PM, Info: Saving project information...
2017-03-04 4:49:44 PM, Info: Saving project information...
2017-03-04 4:49:44 PM, Info: Saving project information...
2017-03-04 4:49:44 PM, Info: Saving project information...
2017-03-04 4:54:44 PM, Info: Saving project information...
2017-03-04 4:54:44 PM, Info: Saving project information...
2017-03-04 4:54:44 PM, Info: Saving project information...
2017-03-04 4:59:44 PM, Info: Saving project information...
2017-03-04 4:59:44 PM, Info: Saving project information...
2017-03-04 4:59:44 PM, Info: Saving project information...
2017-03-04 5:04:44 PM, Info: Saving project information...
2017-03-04 5:04:44 PM, Info: Saving project information...
2017-03-04 5:04:44 PM, Info: Saving project information...
2017-03-04 5:09:44 PM, Info: Saving project information...
2017-03-04 5:09:44 PM, Info: Saving project information...
2017-03-04 5:09:44 PM, Info: Saving project information...
2017-03-04 5:14:44 PM, Info: Saving project information...
2017-03-04 5:14:44 PM, Info: Saving project information...
2017-03-04 5:14:44 PM, Info: Saving project information...
2017-03-04 5:19:44 PM, Info: Saving project information...
2017-03-04 5:19:44 PM, Info: Saving project information...
2017-03-04 5:19:44 PM, Info: Saving project information...
2017-03-04 5:24:44 PM, Info: Saving project information...
2017-03-04 5:24:44 PM, Info: Saving project information...
2017-03-04 5:24:44 PM, Info: Saving project information...
2017-03-04 5:29:44 PM, Info: Saving project information...
2017-03-04 5:29:44 PM, Info: Saving project information...
2017-03-04 5:29:44 PM, Info: Saving project information...
2017-03-04 5:34:44 PM, Info: Saving project information...
2017-03-04 5:34:44 PM, Info: Saving project information...
2017-03-04 5:34:44 PM, Info: Saving project information...
2017-03-04 5:39:44 PM, Info: Saving project information...
2017-03-04 5:39:44 PM, Info: Saving project information...
2017-03-04 5:39:44 PM, Info: Saving project information...
2017-03-04 5:44:44 PM, Info: Saving project information...
2017-03-04 5:44:44 PM, Info: Saving project information...
2017-03-04 5:44:44 PM, Info: Saving project information...
2017-03-04 5:49:44 PM, Info: Saving project information...
2017-03-04 5:49:44 PM, Info: Saving project information...
2017-03-04 5:49:44 PM, Info: Saving project information...
2017-03-04 5:54:44 PM, Info: Saving project information...
2017-03-04 5:54:44 PM, Info: Saving project information...
2017-03-04 5:54:44 PM, Info: Saving project information...
2017-03-04 5:59:44 PM, Info: Saving project information...
2017-03-04 5:59:44 PM, Info: Saving project information...
2017-03-04 5:59:44 PM, Info: Saving project information...
2017-03-04 6:04:44 PM, Info: Saving project information...
2017-03-04 6:04:44 PM, Info: Saving project information...
2017-03-04 6:04:44 PM, Info: Saving project information...
2017-03-04 6:09:44 PM, Info: Saving project information...
2017-03-04 6:09:44 PM, Info: Saving project information...
2017-03-04 6:09:44 PM, Info: Saving project information...
2017-03-04 6:14:44 PM, Info: Saving project information...
2017-03-04 6:14:44 PM, Info: Saving project information...
2017-03-04 6:14:44 PM, Info: Saving project information...
2017-03-04 6:19:44 PM, Info: Saving project information...
2017-03-04 6:19:44 PM, Info: Saving project information...
2017-03-04 6:19:44 PM, Info: Saving project information...
2017-03-04 6:24:44 PM, Info: Saving project information...
2017-03-04 6:24:44 PM, Info: Saving project information...
2017-03-04 6:24:44 PM, Info: Saving project information...
2017-03-04 6:29:44 PM, Info: Saving project information...
2017-03-04 6:29:44 PM, Info: Saving project information...
2017-03-04 6:29:44 PM, Info: Saving project information...
2017-03-04 6:34:44 PM, Info: Saving project information...
2017-03-04 6:34:44 PM, Info: Saving project information...
2017-03-04 6:34:44 PM, Info: Saving project information...
2017-03-04 6:39:44 PM, Info: Saving project information...
2017-03-04 6:39:44 PM, Info: Saving project information...
2017-03-04 6:39:44 PM, Info: Saving project information...
2017-03-04 6:44:44 PM, Info: Saving project information...
2017-03-04 6:44:44 PM, Info: Saving project information...
2017-03-04 6:44:44 PM, Info: Saving project information...
2017-03-04 6:49:44 PM, Info: Saving project information...
2017-03-04 6:49:44 PM, Info: Saving project information...
2017-03-04 6:49:44 PM, Info: Saving project information...
2017-03-04 6:54:44 PM, Info: Saving project information...
2017-03-04 6:54:44 PM, Info: Saving project information...
2017-03-04 6:54:44 PM, Info: Saving project information...
2017-03-04 6:59:41 PM, Info: Saving project information...
2017-03-04 6:59:41 PM, Info: Saving project information...
2017-03-04 6:59:41 PM, Info: Saving project information...
2017-03-04 7:04:41 PM, Info: Saving project information...
2017-03-04 7:04:41 PM, Info: Saving project information...
2017-03-04 7:04:41 PM, Info: Saving project information...
2017-03-04 7:09:41 PM, Info: Saving project information...
2017-03-04 7:09:41 PM, Info: Saving project information...
2017-03-04 7:09:41 PM, Info: Saving project information...
2017-03-04 7:14:41 PM, Info: Saving project information...
2017-03-04 7:14:41 PM, Info: Saving project information...
2017-03-04 7:14:41 PM, Info: Saving project information...
2017-03-04 7:19:41 PM, Info: Saving project information...
2017-03-04 7:19:41 PM, Info: Saving project information...
2017-03-04 7:19:41 PM, Info: Saving project information...
2017-03-04 7:24:43 PM, Info: Saving project information...
2017-03-04 7:24:43 PM, Info: Saving project information...
2017-03-04 7:24:43 PM, Info: Saving project information...
2017-03-04 7:29:41 PM, Info: Saving project information...
2017-03-04 7:29:41 PM, Info: Saving project information...
2017-03-04 7:29:41 PM, Info: Saving project information...
2017-03-04 7:34:41 PM, Info: Saving project information...
2017-03-04 7:34:41 PM, Info: Saving project information...
2017-03-04 7:34:41 PM, Info: Saving project information...
2017-03-04 7:39:41 PM, Info: Saving project information...
2017-03-04 7:39:41 PM, Info: Saving project information...
2017-03-04 7:39:41 PM, Info: Saving project information...
2017-03-04 7:44:41 PM, Info: Saving project information...
2017-03-04 7:44:41 PM, Info: Saving project information...
2017-03-04 7:44:41 PM, Info: Saving project information...
2017-03-04 7:49:41 PM, Info: Saving project information...
2017-03-04 7:49:41 PM, Info: Saving project information...
2017-03-04 7:49:41 PM, Info: Saving project information...
2017-03-04 7:54:41 PM, Info: Saving project information...
2017-03-04 7:54:41 PM, Info: Saving project information...
2017-03-04 7:54:41 PM, Info: Saving project information...
2017-03-04 7:59:41 PM, Info: Saving project information...
2017-03-04 7:59:41 PM, Info: Saving project information...
2017-03-04 7:59:41 PM, Info: Saving project information...
2017-03-04 8:04:41 PM, Info: Saving project information...
2017-03-04 8:04:41 PM, Info: Saving project information...
2017-03-04 8:04:41 PM, Info: Saving project information...
2017-03-04 8:09:41 PM, Info: Saving project information...
2017-03-04 8:09:41 PM, Info: Saving project information...
2017-03-04 8:09:41 PM, Info: Saving project information...
2017-03-04 8:14:41 PM, Info: Saving project information...
2017-03-04 8:14:41 PM, Info: Saving project information...
2017-03-04 8:14:41 PM, Info: Saving project information...
2017-03-04 8:19:41 PM, Info: Saving project information...
2017-03-04 8:19:41 PM, Info: Saving project information...
2017-03-04 8:19:41 PM, Info: Saving project information...
2017-03-04 8:24:41 PM, Info: Saving project information...
2017-03-04 8:24:41 PM, Info: Saving project information...
2017-03-04 8:24:41 PM, Info: Saving project information...
2017-03-04 8:29:41 PM, Info: Saving project information...
2017-03-04 8:29:41 PM, Info: Saving project information...
2017-03-04 8:29:41 PM, Info: Saving project information...
2017-03-04 8:34:41 PM, Info: Saving project information...
2017-03-04 8:34:41 PM, Info: Saving project information...
2017-03-04 8:34:41 PM, Info: Saving project information...
2017-03-04 8:39:41 PM, Info: Saving project information...
2017-03-04 8:39:41 PM, Info: Saving project information...
2017-03-04 8:39:41 PM, Info: Saving project information...
2017-03-04 8:44:41 PM, Info: Saving project information...
2017-03-04 8:44:41 PM, Info: Saving project information...
2017-03-04 8:44:41 PM, Info: Saving project information...
2017-03-04 8:49:41 PM, Info: Saving project information...
2017-03-04 8:49:41 PM, Info: Saving project information...
2017-03-04 8:49:41 PM, Info: Saving project information...
2017-03-04 8:54:41 PM, Info: Saving project information...
2017-03-04 8:54:41 PM, Info: Saving project information...
2017-03-04 8:54:41 PM, Info: Saving project information...
2017-03-04 8:59:41 PM, Info: Saving project information...
2017-03-04 8:59:41 PM, Info: Saving project information...
2017-03-04 8:59:41 PM, Info: Saving project information...
2017-03-04 9:04:41 PM, Info: Saving project information...
2017-03-04 9:04:41 PM, Info: Saving project information...
2017-03-04 9:04:41 PM, Info: Saving project information...
2017-03-04 9:09:41 PM, Info: Saving project information...
2017-03-04 9:09:41 PM, Info: Saving project information...
2017-03-04 9:09:41 PM, Info: Saving project information...
2017-03-04 9:14:41 PM, Info: Saving project information...
2017-03-04 9:14:41 PM, Info: Saving project information...
2017-03-04 9:14:41 PM, Info: Saving project information...
2017-03-04 9:19:41 PM, Info: Saving project information...
2017-03-04 9:19:41 PM, Info: Saving project information...
2017-03-04 9:19:41 PM, Info: Saving project information...
2017-03-04 9:24:41 PM, Info: Saving project information...
2017-03-04 9:24:41 PM, Info: Saving project information...
2017-03-04 9:24:41 PM, Info: Saving project information...
2017-03-04 9:29:41 PM, Info: Saving project information...
2017-03-04 9:29:41 PM, Info: Saving project information...
2017-03-04 9:29:41 PM, Info: Saving project information...
2017-03-04 9:34:41 PM, Info: Saving project information...
2017-03-04 9:34:41 PM, Info: Saving project information...
2017-03-04 9:34:41 PM, Info: Saving project information...
2017-03-04 9:39:41 PM, Info: Saving project information...
2017-03-04 9:39:41 PM, Info: Saving project information...
2017-03-04 9:39:41 PM, Info: Saving project information...
2017-03-04 9:44:41 PM, Info: Saving project information...
2017-03-04 9:44:41 PM, Info: Saving project information...
2017-03-04 9:44:41 PM, Info: Saving project information...
2017-03-04 9:49:41 PM, Info: Saving project information...
2017-03-04 9:49:41 PM, Info: Saving project information...
2017-03-04 9:49:41 PM, Info: Saving project information...
2017-03-04 9:54:41 PM, Info: Saving project information...
2017-03-04 9:54:41 PM, Info: Saving project information...
2017-03-04 9:54:41 PM, Info: Saving project information...
2017-03-04 9:59:41 PM, Info: Saving project information...
2017-03-04 9:59:41 PM, Info: Saving project information...
2017-03-04 9:59:41 PM, Info: Saving project information...
2017-03-04 10:04:41 PM, Info: Saving project information...
2017-03-04 10:04:41 PM, Info: Saving project information...
2017-03-04 10:04:41 PM, Info: Saving project information...
2017-03-04 10:09:41 PM, Info: Saving project information...
2017-03-04 10:09:41 PM, Info: Saving project information...
2017-03-04 10:09:41 PM, Info: Saving project information...
2017-03-04 10:14:41 PM, Info: Saving project information...
2017-03-04 10:14:41 PM, Info: Saving project information...
2017-03-04 10:14:41 PM, Info: Saving project information...
2017-03-04 10:19:41 PM, Info: Saving project information...
2017-03-04 10:19:41 PM, Info: Saving project information...
2017-03-04 10:19:41 PM, Info: Saving project information...
2017-03-04 10:24:41 PM, Info: Saving project information...
2017-03-04 10:24:41 PM, Info: Saving project information...
2017-03-04 10:24:41 PM, Info: Saving project information...
2017-03-04 10:29:41 PM, Info: Saving project information...
2017-03-04 10:29:41 PM, Info: Saving project information...
2017-03-04 10:29:41 PM, Info: Saving project information...
2017-03-04 10:34:41 PM, Info: Saving project information...
2017-03-04 10:34:41 PM, Info: Saving project information...
2017-03-04 10:34:41 PM, Info: Saving project information...
2017-03-04 10:39:41 PM, Info: Saving project information...
2017-03-04 10:39:41 PM, Info: Saving project information...
2017-03-04 10:39:41 PM, Info: Saving project information...
2017-03-04 10:44:41 PM, Info: Saving project information...
2017-03-04 10:44:41 PM, Info: Saving project information...
2017-03-04 10:44:41 PM, Info: Saving project information...
2017-03-04 10:49:41 PM, Info: Saving project information...
2017-03-04 10:49:41 PM, Info: Saving project information...
2017-03-04 10:49:41 PM, Info: Saving project information...
2017-03-04 10:54:41 PM, Info: Saving project information...
2017-03-04 10:54:41 PM, Info: Saving project information...
2017-03-04 10:54:41 PM, Info: Saving project information...
2017-03-04 10:59:41 PM, Info: Saving project information...
2017-03-04 10:59:41 PM, Info: Saving project information...
2017-03-04 10:59:41 PM, Info: Saving project information...
2017-03-04 11:04:41 PM, Info: Saving project information...
2017-03-04 11:04:41 PM, Info: Saving project information...
2017-03-04 11:04:41 PM, Info: Saving project information...
2017-03-04 11:09:41 PM, Info: Saving project information...
2017-03-04 11:09:41 PM, Info: Saving project information...
2017-03-04 11:09:41 PM, Info: Saving project information...
2017-03-04 11:14:41 PM, Info: Saving project information...
2017-03-04 11:14:41 PM, Info: Saving project information...
2017-03-04 11:14:41 PM, Info: Saving project information...
2017-03-04 11:19:41 PM, Info: Saving project information...
2017-03-04 11:19:41 PM, Info: Saving project information...
2017-03-04 11:19:41 PM, Info: Saving project information...
2017-03-04 11:24:41 PM, Info: Saving project information...
2017-03-04 11:24:41 PM, Info: Saving project information...
2017-03-04 11:24:41 PM, Info: Saving project information...
2017-03-04 11:29:41 PM, Info: Saving project information...
2017-03-04 11:29:41 PM, Info: Saving project information...
2017-03-04 11:29:41 PM, Info: Saving project information...
2017-03-04 11:34:41 PM, Info: Saving project information...
2017-03-04 11:34:41 PM, Info: Saving project information...
2017-03-04 11:34:41 PM, Info: Saving project information...
2017-03-04 11:39:41 PM, Info: Saving project information...
2017-03-04 11:39:41 PM, Info: Saving project information...
2017-03-04 11:39:41 PM, Info: Saving project information...
2017-03-04 11:44:41 PM, Info: Saving project information...
2017-03-04 11:44:41 PM, Info: Saving project information...
2017-03-04 11:44:41 PM, Info: Saving project information...
2017-03-04 11:49:41 PM, Info: Saving project information...
2017-03-04 11:49:41 PM, Info: Saving project information...
2017-03-04 11:49:41 PM, Info: Saving project information...
2017-03-04 11:54:41 PM, Info: Saving project information...
2017-03-04 11:54:41 PM, Info: Saving project information...
2017-03-04 11:54:41 PM, Info: Saving project information...
2017-03-04 11:59:41 PM, Info: Saving project information...
2017-03-04 11:59:41 PM, Info: Saving project information...
2017-03-04 11:59:41 PM, Info: Saving project information...
2017-03-05 12:04:41 AM, Info: Saving project information...
2017-03-05 12:04:41 AM, Info: Saving project information...
2017-03-05 12:04:41 AM, Info: Saving project information...
2017-03-05 12:09:41 AM, Info: Saving project information...
2017-03-05 12:09:41 AM, Info: Saving project information...
2017-03-05 12:09:41 AM, Info: Saving project information...
2017-03-05 12:14:41 AM, Info: Saving project information...
2017-03-05 12:14:41 AM, Info: Saving project information...
2017-03-05 12:14:41 AM, Info: Saving project information...
2017-03-05 12:19:41 AM, Info: Saving project information...
2017-03-05 12:19:41 AM, Info: Saving project information...
2017-03-05 12:19:41 AM, Info: Saving project information...
2017-03-05 12:24:41 AM, Info: Saving project information...
2017-03-05 12:24:41 AM, Info: Saving project information...
2017-03-05 12:24:41 AM, Info: Saving project information...
2017-03-05 12:29:41 AM, Info: Saving project information...
2017-03-05 12:29:41 AM, Info: Saving project information...
2017-03-05 12:29:41 AM, Info: Saving project information...
2017-03-05 12:34:41 AM, Info: Saving project information...
2017-03-05 12:34:41 AM, Info: Saving project information...
2017-03-05 12:34:41 AM, Info: Saving project information...
2017-03-05 12:39:41 AM, Info: Saving project information...
2017-03-05 12:39:41 AM, Info: Saving project information...
2017-03-05 12:39:41 AM, Info: Saving project information...
2017-03-05 12:44:41 AM, Info: Saving project information...
2017-03-05 12:44:41 AM, Info: Saving project information...
2017-03-05 12:44:41 AM, Info: Saving project information...
2017-03-05 12:49:41 AM, Info: Saving project information...
2017-03-05 12:49:41 AM, Info: Saving project information...
2017-03-05 12:49:41 AM, Info: Saving project information...
2017-03-05 12:54:41 AM, Info: Saving project information...
2017-03-05 12:54:41 AM, Info: Saving project information...
2017-03-05 12:54:41 AM, Info: Saving project information...
2017-03-05 12:59:41 AM, Info: Saving project information...
2017-03-05 12:59:41 AM, Info: Saving project information...
2017-03-05 12:59:41 AM, Info: Saving project information...
2017-03-05 1:04:41 AM, Info: Saving project information...
2017-03-05 1:04:41 AM, Info: Saving project information...
2017-03-05 1:04:41 AM, Info: Saving project information...
2017-03-05 1:09:41 AM, Info: Saving project information...
2017-03-05 1:09:41 AM, Info: Saving project information...
2017-03-05 1:09:41 AM, Info: Saving project information...
2017-03-05 1:14:41 AM, Info: Saving project information...
2017-03-05 1:14:41 AM, Info: Saving project information...
2017-03-05 1:14:41 AM, Info: Saving project information...
2017-03-05 1:19:41 AM, Info: Saving project information...
2017-03-05 1:19:41 AM, Info: Saving project information...
2017-03-05 1:19:41 AM, Info: Saving project information...
2017-03-05 1:24:41 AM, Info: Saving project information...
2017-03-05 1:24:41 AM, Info: Saving project information...
2017-03-05 1:24:41 AM, Info: Saving project information...
2017-03-05 1:29:41 AM, Info: Saving project information...
2017-03-05 1:29:41 AM, Info: Saving project information...
2017-03-05 1:29:41 AM, Info: Saving project information...
2017-03-05 1:34:41 AM, Info: Saving project information...
2017-03-05 1:34:41 AM, Info: Saving project information...
2017-03-05 1:34:41 AM, Info: Saving project information...
2017-03-05 1:39:41 AM, Info: Saving project information...
2017-03-05 1:39:41 AM, Info: Saving project information...
2017-03-05 1:39:41 AM, Info: Saving project information...
2017-03-05 1:44:41 AM, Info: Saving project information...
2017-03-05 1:44:41 AM, Info: Saving project information...
2017-03-05 1:44:41 AM, Info: Saving project information...
2017-03-05 1:49:41 AM, Info: Saving project information...
2017-03-05 1:49:41 AM, Info: Saving project information...
2017-03-05 1:49:41 AM, Info: Saving project information...
2017-03-05 1:54:41 AM, Info: Saving project information...
2017-03-05 1:54:41 AM, Info: Saving project information...
2017-03-05 1:54:41 AM, Info: Saving project information...
2017-03-05 1:59:41 AM, Info: Saving project information...
2017-03-05 1:59:41 AM, Info: Saving project information...
2017-03-05 1:59:41 AM, Info: Saving project information...
2017-03-05 2:04:41 AM, Info: Saving project information...
2017-03-05 2:04:41 AM, Info: Saving project information...
2017-03-05 2:04:41 AM, Info: Saving project information...
2017-03-05 2:09:41 AM, Info: Saving project information...
2017-03-05 2:09:41 AM, Info: Saving project information...
2017-03-05 2:09:41 AM, Info: Saving project information...
2017-03-05 2:14:41 AM, Info: Saving project information...
2017-03-05 2:14:41 AM, Info: Saving project information...
2017-03-05 2:14:41 AM, Info: Saving project information...
2017-03-05 2:19:41 AM, Info: Saving project information...
2017-03-05 2:19:41 AM, Info: Saving project information...
2017-03-05 2:19:41 AM, Info: Saving project information...
2017-03-05 2:24:41 AM, Info: Saving project information...
2017-03-05 2:24:41 AM, Info: Saving project information...
2017-03-05 2:24:41 AM, Info: Saving project information...
2017-03-05 2:29:41 AM, Info: Saving project information...
2017-03-05 2:29:41 AM, Info: Saving project information...
2017-03-05 2:29:41 AM, Info: Saving project information...
2017-03-05 2:34:41 AM, Info: Saving project information...
2017-03-05 2:34:41 AM, Info: Saving project information...
2017-03-05 2:34:41 AM, Info: Saving project information...
2017-03-05 2:39:41 AM, Info: Saving project information...
2017-03-05 2:39:41 AM, Info: Saving project information...
2017-03-05 2:39:41 AM, Info: Saving project information...
2017-03-05 2:44:41 AM, Info: Saving project information...
2017-03-05 2:44:41 AM, Info: Saving project information...
2017-03-05 2:44:41 AM, Info: Saving project information...
2017-03-05 2:49:41 AM, Info: Saving project information...
2017-03-05 2:49:41 AM, Info: Saving project information...
2017-03-05 2:49:41 AM, Info: Saving project information...
2017-03-05 2:54:41 AM, Info: Saving project information...
2017-03-05 2:54:41 AM, Info: Saving project information...
2017-03-05 2:54:41 AM, Info: Saving project information...
2017-03-05 2:59:41 AM, Info: Saving project information...
2017-03-05 2:59:41 AM, Info: Saving project information...
2017-03-05 2:59:41 AM, Info: Saving project information...
2017-03-05 3:04:41 AM, Info: Saving project information...
2017-03-05 3:04:41 AM, Info: Saving project information...
2017-03-05 3:04:41 AM, Info: Saving project information...
2017-03-05 3:09:41 AM, Info: Saving project information...
2017-03-05 3:09:41 AM, Info: Saving project information...
2017-03-05 3:09:41 AM, Info: Saving project information...
2017-03-05 3:14:41 AM, Info: Saving project information...
2017-03-05 3:14:41 AM, Info: Saving project information...
2017-03-05 3:14:41 AM, Info: Saving project information...
2017-03-05 3:19:41 AM, Info: Saving project information...
2017-03-05 3:19:41 AM, Info: Saving project information...
2017-03-05 3:19:41 AM, Info: Saving project information...
2017-03-05 3:24:41 AM, Info: Saving project information...
2017-03-05 3:24:41 AM, Info: Saving project information...
2017-03-05 3:24:41 AM, Info: Saving project information...
2017-03-05 3:29:41 AM, Info: Saving project information...
2017-03-05 3:29:41 AM, Info: Saving project information...
2017-03-05 3:29:41 AM, Info: Saving project information...
2017-03-05 3:34:41 AM, Info: Saving project information...
2017-03-05 3:34:41 AM, Info: Saving project information...
2017-03-05 3:34:41 AM, Info: Saving project information...
2017-03-05 3:39:41 AM, Info: Saving project information...
2017-03-05 3:39:41 AM, Info: Saving project information...
2017-03-05 3:39:41 AM, Info: Saving project information...
2017-03-05 3:44:41 AM, Info: Saving project information...
2017-03-05 3:44:41 AM, Info: Saving project information...
2017-03-05 3:44:41 AM, Info: Saving project information...
2017-03-05 3:49:41 AM, Info: Saving project information...
2017-03-05 3:49:41 AM, Info: Saving project information...
2017-03-05 3:49:41 AM, Info: Saving project information...
2017-03-05 3:54:41 AM, Info: Saving project information...
2017-03-05 3:54:41 AM, Info: Saving project information...
2017-03-05 3:54:41 AM, Info: Saving project information...
2017-03-05 3:59:41 AM, Info: Saving project information...
2017-03-05 3:59:41 AM, Info: Saving project information...
2017-03-05 3:59:41 AM, Info: Saving project information...
2017-03-05 4:04:41 AM, Info: Saving project information...
2017-03-05 4:04:41 AM, Info: Saving project information...
2017-03-05 4:04:41 AM, Info: Saving project information...
2017-03-05 4:09:41 AM, Info: Saving project information...
2017-03-05 4:09:41 AM, Info: Saving project information...
2017-03-05 4:09:41 AM, Info: Saving project information...
2017-03-05 4:14:41 AM, Info: Saving project information...
2017-03-05 4:14:41 AM, Info: Saving project information...
2017-03-05 4:14:41 AM, Info: Saving project information...
2017-03-05 4:19:41 AM, Info: Saving project information...
2017-03-05 4:19:41 AM, Info: Saving project information...
2017-03-05 4:19:41 AM, Info: Saving project information...
2017-03-05 4:24:41 AM, Info: Saving project information...
2017-03-05 4:24:41 AM, Info: Saving project information...
2017-03-05 4:24:41 AM, Info: Saving project information...
2017-03-05 4:29:41 AM, Info: Saving project information...
2017-03-05 4:29:41 AM, Info: Saving project information...
2017-03-05 4:29:41 AM, Info: Saving project information...
2017-03-05 4:34:41 AM, Info: Saving project information...
2017-03-05 4:34:41 AM, Info: Saving project information...
2017-03-05 4:34:41 AM, Info: Saving project information...
2017-03-05 4:39:41 AM, Info: Saving project information...
2017-03-05 4:39:41 AM, Info: Saving project information...
2017-03-05 4:39:41 AM, Info: Saving project information...
2017-03-05 4:44:41 AM, Info: Saving project information...
2017-03-05 4:44:41 AM, Info: Saving project information...
2017-03-05 4:44:41 AM, Info: Saving project information...
2017-03-05 4:49:41 AM, Info: Saving project information...
2017-03-05 4:49:41 AM, Info: Saving project information...
2017-03-05 4:49:41 AM, Info: Saving project information...
2017-03-05 4:54:41 AM, Info: Saving project information...
2017-03-05 4:54:41 AM, Info: Saving project information...
2017-03-05 4:54:41 AM, Info: Saving project information...
2017-03-05 4:59:41 AM, Info: Saving project information...
2017-03-05 4:59:41 AM, Info: Saving project information...
2017-03-05 4:59:41 AM, Info: Saving project information...
2017-03-05 5:04:41 AM, Info: Saving project information...
2017-03-05 5:04:41 AM, Info: Saving project information...
2017-03-05 5:04:41 AM, Info: Saving project information...
2017-03-05 5:09:41 AM, Info: Saving project information...
2017-03-05 5:09:41 AM, Info: Saving project information...
2017-03-05 5:09:41 AM, Info: Saving project information...
2017-03-05 5:14:41 AM, Info: Saving project information...
2017-03-05 5:14:41 AM, Info: Saving project information...
2017-03-05 5:14:41 AM, Info: Saving project information...
2017-03-05 5:19:41 AM, Info: Saving project information...
2017-03-05 5:19:41 AM, Info: Saving project information...
2017-03-05 5:19:41 AM, Info: Saving project information...
2017-03-05 5:24:41 AM, Info: Saving project information...
2017-03-05 5:24:41 AM, Info: Saving project information...
2017-03-05 5:24:41 AM, Info: Saving project information...
2017-03-05 5:29:41 AM, Info: Saving project information...
2017-03-05 5:29:41 AM, Info: Saving project information...
2017-03-05 5:29:41 AM, Info: Saving project information...
2017-03-05 5:34:41 AM, Info: Saving project information...
2017-03-05 5:34:41 AM, Info: Saving project information...
2017-03-05 5:34:41 AM, Info: Saving project information...
2017-03-05 5:39:41 AM, Info: Saving project information...
2017-03-05 5:39:41 AM, Info: Saving project information...
2017-03-05 5:39:41 AM, Info: Saving project information...
2017-03-05 5:44:41 AM, Info: Saving project information...
2017-03-05 5:44:41 AM, Info: Saving project information...
2017-03-05 5:44:41 AM, Info: Saving project information...
2017-03-05 5:49:41 AM, Info: Saving project information...
2017-03-05 5:49:41 AM, Info: Saving project information...
2017-03-05 5:49:41 AM, Info: Saving project information...
2017-03-05 5:54:41 AM, Info: Saving project information...
2017-03-05 5:54:41 AM, Info: Saving project information...
2017-03-05 5:54:41 AM, Info: Saving project information...
2017-03-05 5:59:41 AM, Info: Saving project information...
2017-03-05 5:59:41 AM, Info: Saving project information...
2017-03-05 5:59:41 AM, Info: Saving project information...
2017-03-05 6:04:41 AM, Info: Saving project information...
2017-03-05 6:04:41 AM, Info: Saving project information...
2017-03-05 6:04:41 AM, Info: Saving project information...
2017-03-05 6:09:41 AM, Info: Saving project information...
2017-03-05 6:09:41 AM, Info: Saving project information...
2017-03-05 6:09:41 AM, Info: Saving project information...
2017-03-05 6:14:41 AM, Info: Saving project information...
2017-03-05 6:14:41 AM, Info: Saving project information...
2017-03-05 6:14:41 AM, Info: Saving project information...
2017-03-05 6:19:41 AM, Info: Saving project information...
2017-03-05 6:19:41 AM, Info: Saving project information...
2017-03-05 6:19:41 AM, Info: Saving project information...
2017-03-05 6:24:41 AM, Info: Saving project information...
2017-03-05 6:24:41 AM, Info: Saving project information...
2017-03-05 6:24:41 AM, Info: Saving project information...
2017-03-05 6:29:41 AM, Info: Saving project information...
2017-03-05 6:29:41 AM, Info: Saving project information...
2017-03-05 6:29:41 AM, Info: Saving project information...
2017-03-05 6:34:41 AM, Info: Saving project information...
2017-03-05 6:34:41 AM, Info: Saving project information...
2017-03-05 6:34:41 AM, Info: Saving project information...
2017-03-05 6:39:41 AM, Info: Saving project information...
2017-03-05 6:39:41 AM, Info: Saving project information...
2017-03-05 6:39:41 AM, Info: Saving project information...
2017-03-05 6:44:41 AM, Info: Saving project information...
2017-03-05 6:44:41 AM, Info: Saving project information...
2017-03-05 6:44:41 AM, Info: Saving project information...
2017-03-05 6:49:41 AM, Info: Saving project information...
2017-03-05 6:49:41 AM, Info: Saving project information...
2017-03-05 6:49:41 AM, Info: Saving project information...
2017-03-05 6:54:41 AM, Info: Saving project information...
2017-03-05 6:54:41 AM, Info: Saving project information...
2017-03-05 6:54:41 AM, Info: Saving project information...
2017-03-05 6:59:41 AM, Info: Saving project information...
2017-03-05 6:59:41 AM, Info: Saving project information...
2017-03-05 6:59:41 AM, Info: Saving project information...
2017-03-05 7:04:41 AM, Info: Saving project information...
2017-03-05 7:04:41 AM, Info: Saving project information...
2017-03-05 7:04:41 AM, Info: Saving project information...
2017-03-05 7:09:41 AM, Info: Saving project information...
2017-03-05 7:09:41 AM, Info: Saving project information...
2017-03-05 7:09:41 AM, Info: Saving project information...
2017-03-05 7:14:41 AM, Info: Saving project information...
2017-03-05 7:14:41 AM, Info: Saving project information...
2017-03-05 7:14:41 AM, Info: Saving project information...
2017-03-05 7:19:41 AM, Info: Saving project information...
2017-03-05 7:19:41 AM, Info: Saving project information...
2017-03-05 7:19:41 AM, Info: Saving project information...
2017-03-05 7:24:41 AM, Info: Saving project information...
2017-03-05 7:24:41 AM, Info: Saving project information...
2017-03-05 7:24:41 AM, Info: Saving project information...
2017-03-05 7:29:41 AM, Info: Saving project information...
2017-03-05 7:29:41 AM, Info: Saving project information...
2017-03-05 7:29:41 AM, Info: Saving project information...
2017-03-05 7:34:41 AM, Info: Saving project information...
2017-03-05 7:34:41 AM, Info: Saving project information...
2017-03-05 7:34:41 AM, Info: Saving project information...
2017-03-05 7:39:41 AM, Info: Saving project information...
2017-03-05 7:39:41 AM, Info: Saving project information...
2017-03-05 7:39:41 AM, Info: Saving project information...
2017-03-05 7:44:41 AM, Info: Saving project information...
2017-03-05 7:44:41 AM, Info: Saving project information...
2017-03-05 7:44:41 AM, Info: Saving project information...
2017-03-05 7:49:41 AM, Info: Saving project information...
2017-03-05 7:49:41 AM, Info: Saving project information...
2017-03-05 7:49:41 AM, Info: Saving project information...
2017-03-05 7:54:41 AM, Info: Saving project information...
2017-03-05 7:54:41 AM, Info: Saving project information...
2017-03-05 7:54:41 AM, Info: Saving project information...
2017-03-05 7:59:41 AM, Info: Saving project information...
2017-03-05 7:59:41 AM, Info: Saving project information...
2017-03-05 7:59:41 AM, Info: Saving project information...
2017-03-05 8:04:41 AM, Info: Saving project information...
2017-03-05 8:04:41 AM, Info: Saving project information...
2017-03-05 8:04:41 AM, Info: Saving project information...
2017-03-05 8:09:41 AM, Info: Saving project information...
2017-03-05 8:09:41 AM, Info: Saving project information...
2017-03-05 8:09:41 AM, Info: Saving project information...
2017-03-05 8:14:41 AM, Info: Saving project information...
2017-03-05 8:14:41 AM, Info: Saving project information...
2017-03-05 8:14:41 AM, Info: Saving project information...
2017-03-05 8:19:41 AM, Info: Saving project information...
2017-03-05 8:19:41 AM, Info: Saving project information...
2017-03-05 8:19:41 AM, Info: Saving project information...
2017-03-05 8:24:41 AM, Info: Saving project information...
2017-03-05 8:24:41 AM, Info: Saving project information...
2017-03-05 8:24:41 AM, Info: Saving project information...
2017-03-05 8:29:41 AM, Info: Saving project information...
2017-03-05 8:29:41 AM, Info: Saving project information...
2017-03-05 8:29:41 AM, Info: Saving project information...
2017-03-05 8:34:41 AM, Info: Saving project information...
2017-03-05 8:34:41 AM, Info: Saving project information...
2017-03-05 8:34:41 AM, Info: Saving project information...
2017-03-05 8:39:41 AM, Info: Saving project information...
2017-03-05 8:39:41 AM, Info: Saving project information...
2017-03-05 8:39:41 AM, Info: Saving project information...
2017-03-05 8:44:41 AM, Info: Saving project information...
2017-03-05 8:44:41 AM, Info: Saving project information...
2017-03-05 8:44:41 AM, Info: Saving project information...
2017-03-05 8:49:41 AM, Info: Saving project information...
2017-03-05 8:49:41 AM, Info: Saving project information...
2017-03-05 8:49:41 AM, Info: Saving project information...
2017-03-05 8:54:41 AM, Info: Saving project information...
2017-03-05 8:54:41 AM, Info: Saving project information...
2017-03-05 8:54:41 AM, Info: Saving project information...
2017-03-05 8:59:41 AM, Info: Saving project information...
2017-03-05 8:59:41 AM, Info: Saving project information...
2017-03-05 8:59:41 AM, Info: Saving project information...
2017-03-05 9:04:41 AM, Info: Saving project information...
2017-03-05 9:04:41 AM, Info: Saving project information...
2017-03-05 9:04:41 AM, Info: Saving project information...
2017-03-05 9:09:41 AM, Info: Saving project information...
2017-03-05 9:09:41 AM, Info: Saving project information...
2017-03-05 9:09:41 AM, Info: Saving project information...
2017-03-05 9:14:41 AM, Info: Saving project information...
2017-03-05 9:14:41 AM, Info: Saving project information...
2017-03-05 9:14:41 AM, Info: Saving project information...
2017-03-05 9:19:41 AM, Info: Saving project information...
2017-03-05 9:19:41 AM, Info: Saving project information...
2017-03-05 9:19:41 AM, Info: Saving project information...
2017-03-05 9:24:41 AM, Info: Saving project information...
2017-03-05 9:24:41 AM, Info: Saving project information...
2017-03-05 9:24:41 AM, Info: Saving project information...
2017-03-05 9:29:41 AM, Info: Saving project information...
2017-03-05 9:29:41 AM, Info: Saving project information...
2017-03-05 9:29:41 AM, Info: Saving project information...
2017-03-05 9:34:41 AM, Info: Saving project information...
2017-03-05 9:34:41 AM, Info: Saving project information...
2017-03-05 9:34:41 AM, Info: Saving project information...
2017-03-05 9:39:41 AM, Info: Saving project information...
2017-03-05 9:39:41 AM, Info: Saving project information...
2017-03-05 9:39:41 AM, Info: Saving project information...
2017-03-05 9:44:41 AM, Info: Saving project information...
2017-03-05 9:44:41 AM, Info: Saving project information...
2017-03-05 9:44:41 AM, Info: Saving project information...
2017-03-05 9:49:41 AM, Info: Saving project information...
2017-03-05 9:49:41 AM, Info: Saving project information...
2017-03-05 9:49:41 AM, Info: Saving project information...
2017-03-05 9:54:41 AM, Info: Saving project information...
2017-03-05 9:54:41 AM, Info: Saving project information...
2017-03-05 9:54:41 AM, Info: Saving project information...
2017-03-05 9:59:41 AM, Info: Saving project information...
2017-03-05 9:59:41 AM, Info: Saving project information...
2017-03-05 9:59:41 AM, Info: Saving project information...
2017-03-05 10:04:41 AM, Info: Saving project information...
2017-03-05 10:04:41 AM, Info: Saving project information...
2017-03-05 10:04:41 AM, Info: Saving project information...
2017-03-05 10:09:41 AM, Info: Saving project information...
2017-03-05 10:09:41 AM, Info: Saving project information...
2017-03-05 10:09:41 AM, Info: Saving project information...
2017-03-05 10:14:41 AM, Info: Saving project information...
2017-03-05 10:14:41 AM, Info: Saving project information...
2017-03-05 10:14:41 AM, Info: Saving project information...
2017-03-05 10:19:41 AM, Info: Saving project information...
2017-03-05 10:19:41 AM, Info: Saving project information...
2017-03-05 10:19:41 AM, Info: Saving project information...
2017-03-05 10:24:41 AM, Info: Saving project information...
2017-03-05 10:24:41 AM, Info: Saving project information...
2017-03-05 10:24:41 AM, Info: Saving project information...
2017-03-05 10:29:41 AM, Info: Saving project information...
2017-03-05 10:29:41 AM, Info: Saving project information...
2017-03-05 10:29:41 AM, Info: Saving project information...
2017-03-05 10:34:41 AM, Info: Saving project information...
2017-03-05 10:34:41 AM, Info: Saving project information...
2017-03-05 10:34:41 AM, Info: Saving project information...
2017-03-05 10:39:41 AM, Info: Saving project information...
2017-03-05 10:39:41 AM, Info: Saving project information...
2017-03-05 10:39:41 AM, Info: Saving project information...
2017-03-05 10:44:41 AM, Info: Saving project information...
2017-03-05 10:44:41 AM, Info: Saving project information...
2017-03-05 10:44:41 AM, Info: Saving project information...
2017-03-05 10:49:41 AM, Info: Saving project information...
2017-03-05 10:49:41 AM, Info: Saving project information...
2017-03-05 10:49:41 AM, Info: Saving project information...
2017-03-05 10:54:41 AM, Info: Saving project information...
2017-03-05 10:54:41 AM, Info: Saving project information...
2017-03-05 10:54:41 AM, Info: Saving project information...
2017-03-05 10:59:41 AM, Info: Saving project information...
2017-03-05 10:59:41 AM, Info: Saving project information...
2017-03-05 10:59:41 AM, Info: Saving project information...
2017-03-05 11:04:41 AM, Info: Saving project information...
2017-03-05 11:04:41 AM, Info: Saving project information...
2017-03-05 11:04:41 AM, Info: Saving project information...
2017-03-05 11:09:41 AM, Info: Saving project information...
2017-03-05 11:09:41 AM, Info: Saving project information...
2017-03-05 11:09:41 AM, Info: Saving project information...
2017-03-05 11:14:41 AM, Info: Saving project information...
2017-03-05 11:14:41 AM, Info: Saving project information...
2017-03-05 11:14:41 AM, Info: Saving project information...
2017-03-05 11:19:41 AM, Info: Saving project information...
2017-03-05 11:19:41 AM, Info: Saving project information...
2017-03-05 11:19:41 AM, Info: Saving project information...
2017-03-05 11:24:41 AM, Info: Saving project information...
2017-03-05 11:24:41 AM, Info: Saving project information...
2017-03-05 11:24:41 AM, Info: Saving project information...
2017-03-05 11:29:41 AM, Info: Saving project information...
2017-03-05 11:29:41 AM, Info: Saving project information...
2017-03-05 11:29:41 AM, Info: Saving project information...
2017-03-05 11:34:41 AM, Info: Saving project information...
2017-03-05 11:34:41 AM, Info: Saving project information...
2017-03-05 11:34:41 AM, Info: Saving project information...
2017-03-05 11:39:41 AM, Info: Saving project information...
2017-03-05 11:39:41 AM, Info: Saving project information...
2017-03-05 11:39:41 AM, Info: Saving project information...
2017-03-05 11:44:41 AM, Info: Saving project information...
2017-03-05 11:44:41 AM, Info: Saving project information...
2017-03-05 11:44:41 AM, Info: Saving project information...
2017-03-05 11:49:41 AM, Info: Saving project information...
2017-03-05 11:49:41 AM, Info: Saving project information...
2017-03-05 11:49:41 AM, Info: Saving project information...
2017-03-05 11:54:41 AM, Info: Saving project information...
2017-03-05 11:54:41 AM, Info: Saving project information...
2017-03-05 11:54:41 AM, Info: Saving project information...
2017-03-05 11:59:41 AM, Info: Saving project information...
2017-03-05 11:59:41 AM, Info: Saving project information...
2017-03-05 11:59:41 AM, Info: Saving project information...
2017-03-05 12:04:41 PM, Info: Saving project information...
2017-03-05 12:04:41 PM, Info: Saving project information...
2017-03-05 12:04:41 PM, Info: Saving project information...
2017-03-05 12:09:41 PM, Info: Saving project information...
2017-03-05 12:09:41 PM, Info: Saving project information...
2017-03-05 12:09:41 PM, Info: Saving project information...
2017-03-05 12:14:41 PM, Info: Saving project information...
2017-03-05 12:14:41 PM, Info: Saving project information...
2017-03-05 12:14:41 PM, Info: Saving project information...
2017-03-05 12:19:41 PM, Info: Saving project information...
2017-03-05 12:19:41 PM, Info: Saving project information...
2017-03-05 12:19:41 PM, Info: Saving project information...
2017-03-05 12:24:41 PM, Info: Saving project information...
2017-03-05 12:24:41 PM, Info: Saving project information...
2017-03-05 12:24:41 PM, Info: Saving project information...
2017-03-05 12:29:41 PM, Info: Saving project information...
2017-03-05 12:29:41 PM, Info: Saving project information...
2017-03-05 12:29:41 PM, Info: Saving project information...
2017-03-05 12:34:41 PM, Info: Saving project information...
2017-03-05 12:34:41 PM, Info: Saving project information...
2017-03-05 12:34:41 PM, Info: Saving project information...
2017-03-05 12:39:41 PM, Info: Saving project information...
2017-03-05 12:39:41 PM, Info: Saving project information...
2017-03-05 12:39:41 PM, Info: Saving project information...
2017-03-05 12:44:41 PM, Info: Saving project information...
2017-03-05 12:44:41 PM, Info: Saving project information...
2017-03-05 12:44:41 PM, Info: Saving project information...
2017-03-05 12:49:41 PM, Info: Saving project information...
2017-03-05 12:49:41 PM, Info: Saving project information...
2017-03-05 12:49:41 PM, Info: Saving project information...
2017-03-05 12:54:41 PM, Info: Saving project information...
2017-03-05 12:54:41 PM, Info: Saving project information...
2017-03-05 12:54:41 PM, Info: Saving project information...
2017-03-05 12:59:41 PM, Info: Saving project information...
2017-03-05 12:59:41 PM, Info: Saving project information...
2017-03-05 12:59:41 PM, Info: Saving project information...
2017-03-05 1:04:41 PM, Info: Saving project information...
2017-03-05 1:04:41 PM, Info: Saving project information...
2017-03-05 1:04:41 PM, Info: Saving project information...
2017-03-05 1:09:41 PM, Info: Saving project information...
2017-03-05 1:09:41 PM, Info: Saving project information...
2017-03-05 1:09:41 PM, Info: Saving project information...
2017-03-05 1:14:41 PM, Info: Saving project information...
2017-03-05 1:14:41 PM, Info: Saving project information...
2017-03-05 1:14:41 PM, Info: Saving project information...
2017-03-05 1:19:41 PM, Info: Saving project information...
2017-03-05 1:19:41 PM, Info: Saving project information...
2017-03-05 1:19:41 PM, Info: Saving project information...
2017-03-05 1:24:41 PM, Info: Saving project information...
2017-03-05 1:24:41 PM, Info: Saving project information...
2017-03-05 1:24:41 PM, Info: Saving project information...
2017-03-05 1:29:42 PM, Info: Saving project information...
2017-03-05 1:29:42 PM, Info: Saving project information...
2017-03-05 1:29:42 PM, Info: Saving project information...
2017-03-05 1:34:41 PM, Info: Saving project information...
2017-03-05 1:34:41 PM, Info: Saving project information...
2017-03-05 1:34:41 PM, Info: Saving project information...
2017-03-05 1:39:41 PM, Info: Saving project information...
2017-03-05 1:39:41 PM, Info: Saving project information...
2017-03-05 1:39:41 PM, Info: Saving project information...
2017-03-05 1:44:41 PM, Info: Saving project information...
2017-03-05 1:44:41 PM, Info: Saving project information...
2017-03-05 1:44:41 PM, Info: Saving project information...
2017-03-05 1:49:41 PM, Info: Saving project information...
2017-03-05 1:49:41 PM, Info: Saving project information...
2017-03-05 1:49:41 PM, Info: Saving project information...
2017-03-05 1:54:41 PM, Info: Saving project information...
2017-03-05 1:54:41 PM, Info: Saving project information...
2017-03-05 1:54:41 PM, Info: Saving project information...
2017-03-05 1:59:41 PM, Info: Saving project information...
2017-03-05 1:59:41 PM, Info: Saving project information...
2017-03-05 1:59:41 PM, Info: Saving project information...
2017-03-05 2:04:41 PM, Info: Saving project information...
2017-03-05 2:04:41 PM, Info: Saving project information...
2017-03-05 2:04:41 PM, Info: Saving project information...
2017-03-05 2:09:41 PM, Info: Saving project information...
2017-03-05 2:09:41 PM, Info: Saving project information...
2017-03-05 2:09:41 PM, Info: Saving project information...
2017-03-05 2:14:41 PM, Info: Saving project information...
2017-03-05 2:14:41 PM, Info: Saving project information...
2017-03-05 2:14:41 PM, Info: Saving project information...
2017-03-05 2:19:41 PM, Info: Saving project information...
2017-03-05 2:19:41 PM, Info: Saving project information...
2017-03-05 2:19:41 PM, Info: Saving project information...
2017-03-05 2:24:41 PM, Info: Saving project information...
2017-03-05 2:24:41 PM, Info: Saving project information...
2017-03-05 2:24:41 PM, Info: Saving project information...
2017-03-05 2:29:41 PM, Info: Saving project information...
2017-03-05 2:29:41 PM, Info: Saving project information...
2017-03-05 2:29:41 PM, Info: Saving project information...
2017-03-05 2:34:41 PM, Info: Saving project information...
2017-03-05 2:34:41 PM, Info: Saving project information...
2017-03-05 2:34:41 PM, Info: Saving project information...
2017-03-05 2:39:41 PM, Info: Saving project information...
2017-03-05 2:39:41 PM, Info: Saving project information...
2017-03-05 2:39:41 PM, Info: Saving project information...
2017-03-05 2:44:41 PM, Info: Saving project information...
2017-03-05 2:44:41 PM, Info: Saving project information...
2017-03-05 2:44:41 PM, Info: Saving project information...
2017-03-05 2:49:41 PM, Info: Saving project information...
2017-03-05 2:49:41 PM, Info: Saving project information...
2017-03-05 2:49:41 PM, Info: Saving project information...
2017-03-05 2:54:41 PM, Info: Saving project information...
2017-03-05 2:54:41 PM, Info: Saving project information...
2017-03-05 2:54:41 PM, Info: Saving project information...
2017-03-05 2:59:41 PM, Info: Saving project information...
2017-03-05 2:59:41 PM, Info: Saving project information...
2017-03-05 2:59:41 PM, Info: Saving project information...
2017-03-05 3:04:41 PM, Info: Saving project information...
2017-03-05 3:04:41 PM, Info: Saving project information...
2017-03-05 3:04:41 PM, Info: Saving project information...
2017-03-05 3:09:41 PM, Info: Saving project information...
2017-03-05 3:09:41 PM, Info: Saving project information...
2017-03-05 3:09:41 PM, Info: Saving project information...
2017-03-05 3:14:41 PM, Info: Saving project information...
2017-03-05 3:14:41 PM, Info: Saving project information...
2017-03-05 3:14:41 PM, Info: Saving project information...
2017-03-05 3:19:41 PM, Info: Saving project information...
2017-03-05 3:19:41 PM, Info: Saving project information...
2017-03-05 3:19:41 PM, Info: Saving project information...
2017-03-05 3:24:41 PM, Info: Saving project information...
2017-03-05 3:24:41 PM, Info: Saving project information...
2017-03-05 3:24:41 PM, Info: Saving project information...
2017-03-05 3:29:41 PM, Info: Saving project information...
2017-03-05 3:29:41 PM, Info: Saving project information...
2017-03-05 3:29:41 PM, Info: Saving project information...
2017-03-05 3:34:41 PM, Info: Saving project information...
2017-03-05 3:34:41 PM, Info: Saving project information...
2017-03-05 3:34:41 PM, Info: Saving project information...
2017-03-05 3:39:41 PM, Info: Saving project information...
2017-03-05 3:39:41 PM, Info: Saving project information...
2017-03-05 3:39:41 PM, Info: Saving project information...
2017-03-05 3:44:41 PM, Info: Saving project information...
2017-03-05 3:44:41 PM, Info: Saving project information...
2017-03-05 3:44:41 PM, Info: Saving project information...
2017-03-05 3:49:41 PM, Info: Saving project information...
2017-03-05 3:49:41 PM, Info: Saving project information...
2017-03-05 3:49:41 PM, Info: Saving project information...
2017-03-05 3:54:41 PM, Info: Saving project information...
2017-03-05 3:54:41 PM, Info: Saving project information...
2017-03-05 3:54:41 PM, Info: Saving project information...
2017-03-05 3:59:41 PM, Info: Saving project information...
2017-03-05 3:59:41 PM, Info: Saving project information...
2017-03-05 3:59:41 PM, Info: Saving project information...
2017-03-05 4:04:41 PM, Info: Saving project information...
2017-03-05 4:04:41 PM, Info: Saving project information...
2017-03-05 4:04:41 PM, Info: Saving project information...
2017-03-05 4:09:41 PM, Info: Saving project information...
2017-03-05 4:09:41 PM, Info: Saving project information...
2017-03-05 4:09:41 PM, Info: Saving project information...
2017-03-05 4:14:41 PM, Info: Saving project information...
2017-03-05 4:14:41 PM, Info: Saving project information...
2017-03-05 4:14:41 PM, Info: Saving project information...
2017-03-05 4:19:41 PM, Info: Saving project information...
2017-03-05 4:19:41 PM, Info: Saving project information...
2017-03-05 4:19:41 PM, Info: Saving project information...
2017-03-05 4:24:41 PM, Info: Saving project information...
2017-03-05 4:24:41 PM, Info: Saving project information...
2017-03-05 4:24:41 PM, Info: Saving project information...
2017-03-05 4:29:41 PM, Info: Saving project information...
2017-03-05 4:29:41 PM, Info: Saving project information...
2017-03-05 4:29:41 PM, Info: Saving project information...
2017-03-05 4:34:41 PM, Info: Saving project information...
2017-03-05 4:34:41 PM, Info: Saving project information...
2017-03-05 4:34:41 PM, Info: Saving project information...
2017-03-05 4:39:41 PM, Info: Saving project information...
2017-03-05 4:39:41 PM, Info: Saving project information...
2017-03-05 4:39:41 PM, Info: Saving project information...
2017-03-05 4:44:41 PM, Info: Saving project information...
2017-03-05 4:44:41 PM, Info: Saving project information...
2017-03-05 4:44:41 PM, Info: Saving project information...
2017-03-05 4:49:41 PM, Info: Saving project information...
2017-03-05 4:49:41 PM, Info: Saving project information...
2017-03-05 4:49:41 PM, Info: Saving project information...
2017-03-05 4:54:41 PM, Info: Saving project information...
2017-03-05 4:54:41 PM, Info: Saving project information...
2017-03-05 4:54:41 PM, Info: Saving project information...
2017-03-05 4:59:41 PM, Info: Saving project information...
2017-03-05 4:59:41 PM, Info: Saving project information...
2017-03-05 4:59:41 PM, Info: Saving project information...
2017-03-05 5:04:41 PM, Info: Saving project information...
2017-03-05 5:04:41 PM, Info: Saving project information...
2017-03-05 5:04:41 PM, Info: Saving project information...
2017-03-05 7:32:15 PM, Info: Saving project information...
2017-03-05 7:32:15 PM, Info: Saving project information...
2017-03-05 7:32:15 PM, Info: Saving project information...
2017-03-05 7:37:15 PM, Info: Saving project information...
2017-03-05 7:37:15 PM, Info: Saving project information...
2017-03-05 7:37:15 PM, Info: Saving project information...
2017-03-05 7:42:15 PM, Info: Saving project information...
2017-03-05 7:42:15 PM, Info: Saving project information...
2017-03-05 7:42:15 PM, Info: Saving project information...
2017-03-05 7:47:15 PM, Info: Saving project information...
2017-03-05 7:47:15 PM, Info: Saving project information...
2017-03-05 7:47:15 PM, Info: Saving project information...
2017-03-05 7:52:15 PM, Info: Saving project information...
2017-03-05 7:52:15 PM, Info: Saving project information...
2017-03-05 7:52:15 PM, Info: Saving project information...
2017-03-05 7:57:15 PM, Info: Saving project information...
2017-03-05 7:57:15 PM, Info: Saving project information...
2017-03-05 7:57:15 PM, Info: Saving project information...
2017-03-05 8:02:15 PM, Info: Saving project information...
2017-03-05 8:02:15 PM, Info: Saving project information...
2017-03-05 8:02:15 PM, Info: Saving project information...
2017-03-05 8:07:15 PM, Info: Saving project information...
2017-03-05 8:07:15 PM, Info: Saving project information...
2017-03-05 8:07:15 PM, Info: Saving project information...
2017-03-05 8:12:15 PM, Info: Saving project information...
2017-03-05 8:12:15 PM, Info: Saving project information...
2017-03-05 8:12:15 PM, Info: Saving project information...
2017-03-05 8:17:15 PM, Info: Saving project information...
2017-03-05 8:17:15 PM, Info: Saving project information...
2017-03-05 8:17:15 PM, Info: Saving project information...
2017-03-05 8:22:15 PM, Info: Saving project information...
