2017-04-13 3:45:43 PM, Info: Initializing SIMPLSharp Services...
2017-04-13 3:45:44 PM, Info: ProjectInfo successfully initialized.
2017-04-13 3:46:10 PM, Info: Validating assembly C:\Users\Kevin\odrive\Dropbox\Documents\Visual Studio 2008\Projects\PushBulletDoorbell\PushBulletDoorbell\bin\Debug\PushBulletDoorbell.dll...
2017-04-13 3:46:11 PM, Info: Verifying assembly C:\Users\Kevin\odrive\Dropbox\Documents\Visual Studio 2008\Projects\PushBulletDoorbell\PushBulletDoorbell\bin\Debug\PushBulletDoorbell.dll
2017-04-13 3:46:11 PM, Info: Creating Archive C:\Users\Kevin\odrive\Dropbox\Documents\Visual Studio 2008\Projects\PushBulletDoorbell\PushBulletDoorbell\bin\Debug\PushBulletDoorbell.clz...
2017-04-13 3:46:11 PM, Info: Saving project information...
2017-04-13 3:58:28 PM, Info: Validating assembly C:\Users\Kevin\odrive\Dropbox\Documents\Visual Studio 2008\Projects\PushBulletDoorbell\PushBulletDoorbell\bin\Debug\PushBulletDoorbell.dll...
2017-04-13 3:58:28 PM, Info: Verifying assembly C:\Users\Kevin\odrive\Dropbox\Documents\Visual Studio 2008\Projects\PushBulletDoorbell\PushBulletDoorbell\bin\Debug\PushBulletDoorbell.dll
2017-04-13 3:58:28 PM, Info: Creating Archive C:\Users\Kevin\odrive\Dropbox\Documents\Visual Studio 2008\Projects\PushBulletDoorbell\PushBulletDoorbell\bin\Debug\PushBulletDoorbell.clz...
2017-04-13 3:58:29 PM, Info: Saving project information...
2017-04-13 3:58:33 PM, Info: Validating assembly C:\Users\Kevin\odrive\Dropbox\Documents\Visual Studio 2008\Projects\PushBulletDoorbell\PushBulletDoorbell\bin\Debug\PushBulletDoorbell.dll...
2017-04-13 3:58:33 PM, Info: Verifying assembly C:\Users\Kevin\odrive\Dropbox\Documents\Visual Studio 2008\Projects\PushBulletDoorbell\PushBulletDoorbell\bin\Debug\PushBulletDoorbell.dll
2017-04-13 3:58:33 PM, Info: Creating Archive C:\Users\Kevin\odrive\Dropbox\Documents\Visual Studio 2008\Projects\PushBulletDoorbell\PushBulletDoorbell\bin\Debug\PushBulletDoorbell.clz...
2017-04-13 3:58:34 PM, Info: Saving project information...
2017-04-13 4:08:21 PM, Info: Validating assembly C:\Users\Kevin\odrive\Dropbox\Documents\Visual Studio 2008\Projects\PushBulletDoorbell\PushBulletDoorbell\bin\Debug\PushBulletDoorbell.dll...
2017-04-13 4:08:21 PM, Info: Verifying assembly C:\Users\Kevin\odrive\Dropbox\Documents\Visual Studio 2008\Projects\PushBulletDoorbell\PushBulletDoorbell\bin\Debug\PushBulletDoorbell.dll
2017-04-13 4:08:21 PM, Info: Creating Archive C:\Users\Kevin\odrive\Dropbox\Documents\Visual Studio 2008\Projects\PushBulletDoorbell\PushBulletDoorbell\bin\Debug\PushBulletDoorbell.clz...
2017-04-13 4:08:22 PM, Info: Saving project information...
2017-04-14 9:49:23 AM, Info: Validating assembly C:\Users\Kevin\odrive\Dropbox\Documents\Visual Studio 2008\Projects\PushBulletDoorbell\PushBulletDoorbell\bin\Debug\PushBulletDoorbell.dll...
2017-04-14 9:49:25 AM, Info: Verifying assembly C:\Users\Kevin\odrive\Dropbox\Documents\Visual Studio 2008\Projects\PushBulletDoorbell\PushBulletDoorbell\bin\Debug\PushBulletDoorbell.dll
2017-04-14 9:49:25 AM, Info: Creating Archive C:\Users\Kevin\odrive\Dropbox\Documents\Visual Studio 2008\Projects\PushBulletDoorbell\PushBulletDoorbell\bin\Debug\PushBulletDoorbell.clz...
2017-04-14 9:49:27 AM, Info: Saving project information...
2017-04-14 10:17:46 AM, Info: Validating assembly C:\Users\Kevin\odrive\Dropbox\Documents\Visual Studio 2008\Projects\PushBulletDoorbell\PushBulletDoorbell\bin\Debug\PushBulletDoorbell.dll...
2017-04-14 10:17:47 AM, Info: Verifying assembly C:\Users\Kevin\odrive\Dropbox\Documents\Visual Studio 2008\Projects\PushBulletDoorbell\PushBulletDoorbell\bin\Debug\PushBulletDoorbell.dll
2017-04-14 10:17:47 AM, Info: Creating Archive C:\Users\Kevin\odrive\Dropbox\Documents\Visual Studio 2008\Projects\PushBulletDoorbell\PushBulletDoorbell\bin\Debug\PushBulletDoorbell.clz...
2017-04-14 10:17:47 AM, Info: Saving project information...
2017-04-14 10:25:44 AM, Info: Validating assembly C:\Users\Kevin\odrive\Dropbox\Documents\Visual Studio 2008\Projects\PushBulletDoorbell\PushBulletDoorbell\bin\Debug\PushBulletDoorbell.dll...
2017-04-14 10:25:44 AM, Info: Verifying assembly C:\Users\Kevin\odrive\Dropbox\Documents\Visual Studio 2008\Projects\PushBulletDoorbell\PushBulletDoorbell\bin\Debug\PushBulletDoorbell.dll
2017-04-14 10:25:44 AM, Info: Creating Archive C:\Users\Kevin\odrive\Dropbox\Documents\Visual Studio 2008\Projects\PushBulletDoorbell\PushBulletDoorbell\bin\Debug\PushBulletDoorbell.clz...
2017-04-14 10:25:45 AM, Info: Saving project information...
2017-04-14 10:33:06 AM, Info: Validating assembly C:\Users\Kevin\odrive\Dropbox\Documents\Visual Studio 2008\Projects\PushBulletDoorbell\PushBulletDoorbell\bin\Debug\PushBulletDoorbell.dll...
2017-04-14 10:33:06 AM, Info: Verifying assembly C:\Users\Kevin\odrive\Dropbox\Documents\Visual Studio 2008\Projects\PushBulletDoorbell\PushBulletDoorbell\bin\Debug\PushBulletDoorbell.dll
2017-04-14 10:33:07 AM, Info: Creating Archive C:\Users\Kevin\odrive\Dropbox\Documents\Visual Studio 2008\Projects\PushBulletDoorbell\PushBulletDoorbell\bin\Debug\PushBulletDoorbell.clz...
2017-04-14 10:33:07 AM, Info: Saving project information...
2017-04-14 10:36:45 AM, Info: Validating assembly C:\Users\Kevin\odrive\Dropbox\Documents\Visual Studio 2008\Projects\PushBulletDoorbell\PushBulletDoorbell\bin\Debug\PushBulletDoorbell.dll...
2017-04-14 10:36:45 AM, Info: Verifying assembly C:\Users\Kevin\odrive\Dropbox\Documents\Visual Studio 2008\Projects\PushBulletDoorbell\PushBulletDoorbell\bin\Debug\PushBulletDoorbell.dll
2017-04-14 10:36:45 AM, Info: Creating Archive C:\Users\Kevin\odrive\Dropbox\Documents\Visual Studio 2008\Projects\PushBulletDoorbell\PushBulletDoorbell\bin\Debug\PushBulletDoorbell.clz...
2017-04-14 10:36:46 AM, Info: Saving project information...
2017-04-14 10:53:22 AM, Info: Validating assembly C:\Users\Kevin\odrive\Dropbox\Documents\Visual Studio 2008\Projects\PushBulletDoorbell\PushBulletDoorbell\bin\Debug\PushBulletDoorbell.dll...
2017-04-14 10:53:22 AM, Info: Verifying assembly C:\Users\Kevin\odrive\Dropbox\Documents\Visual Studio 2008\Projects\PushBulletDoorbell\PushBulletDoorbell\bin\Debug\PushBulletDoorbell.dll
2017-04-14 10:53:22 AM, Info: Creating Archive C:\Users\Kevin\odrive\Dropbox\Documents\Visual Studio 2008\Projects\PushBulletDoorbell\PushBulletDoorbell\bin\Debug\PushBulletDoorbell.clz...
2017-04-14 10:53:22 AM, Info: Saving project information...
2017-04-14 11:02:00 AM, Info: Validating assembly C:\Users\Kevin\odrive\Dropbox\Documents\Visual Studio 2008\Projects\PushBulletDoorbell\PushBulletDoorbell\bin\Debug\PushBulletDoorbell.dll...
2017-04-14 11:02:00 AM, Info: Verifying assembly C:\Users\Kevin\odrive\Dropbox\Documents\Visual Studio 2008\Projects\PushBulletDoorbell\PushBulletDoorbell\bin\Debug\PushBulletDoorbell.dll
2017-04-14 11:02:01 AM, Info: Creating Archive C:\Users\Kevin\odrive\Dropbox\Documents\Visual Studio 2008\Projects\PushBulletDoorbell\PushBulletDoorbell\bin\Debug\PushBulletDoorbell.clz...
2017-04-14 11:02:01 AM, Info: Saving project information...
2017-04-14 11:07:09 AM, Info: Validating assembly C:\Users\Kevin\odrive\Dropbox\Documents\Visual Studio 2008\Projects\PushBulletDoorbell\PushBulletDoorbell\bin\Debug\PushBulletDoorbell.dll...
2017-04-14 11:07:09 AM, Info: Verifying assembly C:\Users\Kevin\odrive\Dropbox\Documents\Visual Studio 2008\Projects\PushBulletDoorbell\PushBulletDoorbell\bin\Debug\PushBulletDoorbell.dll
2017-04-14 11:07:09 AM, Info: Creating Archive C:\Users\Kevin\odrive\Dropbox\Documents\Visual Studio 2008\Projects\PushBulletDoorbell\PushBulletDoorbell\bin\Debug\PushBulletDoorbell.clz...
2017-04-14 11:07:09 AM, Info: Saving project information...
2017-04-14 11:13:49 AM, Info: Validating assembly C:\Users\Kevin\odrive\Dropbox\Documents\Visual Studio 2008\Projects\PushBulletDoorbell\PushBulletDoorbell\bin\Debug\PushBulletDoorbell.dll...
2017-04-14 11:13:49 AM, Info: Verifying assembly C:\Users\Kevin\odrive\Dropbox\Documents\Visual Studio 2008\Projects\PushBulletDoorbell\PushBulletDoorbell\bin\Debug\PushBulletDoorbell.dll
2017-04-14 11:13:49 AM, Info: Creating Archive C:\Users\Kevin\odrive\Dropbox\Documents\Visual Studio 2008\Projects\PushBulletDoorbell\PushBulletDoorbell\bin\Debug\PushBulletDoorbell.clz...
2017-04-14 11:13:49 AM, Info: Saving project information...
2017-04-14 12:17:36 PM, Info: Terminating SIMPLSharp Services
