2017-04-14 12:22:58 PM, Info: Initializing SIMPLSharp Services...
2017-04-14 12:22:58 PM, Info: ProjectInfo successfully initialized.
2017-04-14 12:24:28 PM, Info: Validating assembly C:\Users\Kevin\odrive\Dropbox\Documents\Visual Studio 2008\Projects\PushBulletDoorbell\PushBulletDoorbell\bin\Debug\PushBulletDoorbell.dll...
2017-04-14 12:24:29 PM, Info: Verifying assembly C:\Users\Kevin\odrive\Dropbox\Documents\Visual Studio 2008\Projects\PushBulletDoorbell\PushBulletDoorbell\bin\Debug\PushBulletDoorbell.dll
2017-04-14 12:24:29 PM, Info: Creating Archive C:\Users\Kevin\odrive\Dropbox\Documents\Visual Studio 2008\Projects\PushBulletDoorbell\PushBulletDoorbell\bin\Debug\PushBulletDoorbell.clz...
2017-04-14 12:24:29 PM, Info: Saving project information...
2017-04-14 12:25:04 PM, Info: Validating assembly C:\Users\Kevin\odrive\Dropbox\Documents\Visual Studio 2008\Projects\PushBulletDoorbell\PushBulletDoorbell\bin\Debug\PushBulletDoorbell.dll...
2017-04-14 12:25:08 PM, Info: Validating assembly C:\Users\Kevin\odrive\Dropbox\Documents\Visual Studio 2008\Projects\PushBulletDoorbell\PushBulletDoorbell\bin\Debug\PushBulletDoorbell.dll...
2017-04-14 12:25:16 PM, Info: Validating assembly C:\Users\Kevin\odrive\Dropbox\Documents\Visual Studio 2008\Projects\PushBulletDoorbell\PushBulletDoorbell\bin\Debug\PushBulletDoorbell.dll...
2017-04-14 12:25:16 PM, Info: Verifying assembly C:\Users\Kevin\odrive\Dropbox\Documents\Visual Studio 2008\Projects\PushBulletDoorbell\PushBulletDoorbell\bin\Debug\PushBulletDoorbell.dll
2017-04-14 12:25:17 PM, Info: Creating Archive C:\Users\Kevin\odrive\Dropbox\Documents\Visual Studio 2008\Projects\PushBulletDoorbell\PushBulletDoorbell\bin\Debug\PushBulletDoorbell.clz...
2017-04-14 12:25:17 PM, Info: Saving project information...
2017-04-14 12:37:39 PM, Info: Validating assembly C:\Users\Kevin\odrive\Dropbox\Documents\Visual Studio 2008\Projects\PushBulletDoorbell\PushBulletDoorbell\bin\Debug\PushBulletDoorbell.dll...
2017-04-14 12:37:40 PM, Info: Verifying assembly C:\Users\Kevin\odrive\Dropbox\Documents\Visual Studio 2008\Projects\PushBulletDoorbell\PushBulletDoorbell\bin\Debug\PushBulletDoorbell.dll
2017-04-14 12:37:40 PM, Info: Creating Archive C:\Users\Kevin\odrive\Dropbox\Documents\Visual Studio 2008\Projects\PushBulletDoorbell\PushBulletDoorbell\bin\Debug\PushBulletDoorbell.clz...
2017-04-14 12:37:40 PM, Info: Saving project information...
2017-04-14 12:41:13 PM, Info: Validating assembly C:\Users\Kevin\odrive\Dropbox\Documents\Visual Studio 2008\Projects\PushBulletDoorbell\PushBulletDoorbell\bin\Debug\PushBulletDoorbell.dll...
2017-04-14 12:41:13 PM, Info: Verifying assembly C:\Users\Kevin\odrive\Dropbox\Documents\Visual Studio 2008\Projects\PushBulletDoorbell\PushBulletDoorbell\bin\Debug\PushBulletDoorbell.dll
2017-04-14 12:41:13 PM, Info: Creating Archive C:\Users\Kevin\odrive\Dropbox\Documents\Visual Studio 2008\Projects\PushBulletDoorbell\PushBulletDoorbell\bin\Debug\PushBulletDoorbell.clz...
2017-04-14 12:41:14 PM, Info: Saving project information...
2017-04-14 5:00:55 PM, Info: Terminating SIMPLSharp Services
