2017-03-07 1:15:33 PM, Info: Initializing SIMPLSharp Services...
2017-03-07 1:15:33 PM, Info: ProjectInfo successfully initialized.
2017-03-07 1:15:39 PM, Info: Saving project information...
2017-03-07 1:15:39 PM, Info: Saving project information...
2017-03-07 1:15:39 PM, Info: Saving project information...
2017-03-07 1:15:39 PM, Info: Saving project information...
2017-03-07 1:15:39 PM, Info: Saving project information...
2017-03-07 1:15:39 PM, Info: Saving project information...
2017-03-07 1:15:40 PM, Info: Initializing SIMPLSharp Services...
2017-03-07 1:15:40 PM, Info: ProjectInfo successfully initialized.
2017-03-07 1:25:37 PM, Info: Saving project information...
2017-03-07 1:25:37 PM, Info: Saving project information...
2017-03-07 1:25:37 PM, Info: Saving project information...
2017-03-07 1:30:37 PM, Info: Saving project information...
2017-03-07 1:30:37 PM, Info: Saving project information...
2017-03-07 1:30:37 PM, Info: Saving project information...
2017-03-07 1:35:37 PM, Info: Saving project information...
2017-03-07 1:35:37 PM, Info: Saving project information...
2017-03-07 1:35:37 PM, Info: Saving project information...
2017-03-07 1:38:26 PM, Info: Saving project information...
2017-03-07 1:38:26 PM, Info: Saving project information...
2017-03-07 1:38:26 PM, Info: Saving project information...
2017-03-07 1:38:26 PM, Info: Saving project information...
2017-03-07 1:38:26 PM, Info: Saving project information...
2017-03-07 1:38:26 PM, Info: Saving project information...
2017-03-07 1:38:27 PM, Info: Validating assembly C:\Users\Kevin\odrive\Dropbox\Documents\Visual Studio 2008\Projects\PushBulletDoorbell\PushBulletDoorbell\bin\Debug\PushBulletDoorbell.dll...
2017-03-07 1:55:57 PM, Info: Validating assembly C:\Users\Kevin\odrive\Dropbox\Documents\Visual Studio 2008\Projects\PushBulletDoorbell\PushBulletDoorbell\bin\Debug\PushBulletDoorbell.dll...
2017-03-07 1:55:57 PM, Info: Verifying assembly C:\Users\Kevin\odrive\Dropbox\Documents\Visual Studio 2008\Projects\PushBulletDoorbell\PushBulletDoorbell\bin\Debug\PushBulletDoorbell.dll
2017-03-07 1:55:57 PM, Info: Creating Archive C:\Users\Kevin\odrive\Dropbox\Documents\Visual Studio 2008\Projects\PushBulletDoorbell\PushBulletDoorbell\bin\Debug\PushBulletDoorbell.clz...
2017-03-07 1:55:58 PM, Info: Saving project information...
2017-03-07 2:20:26 PM, Info: Validating assembly C:\Users\Kevin\odrive\Dropbox\Documents\Visual Studio 2008\Projects\PushBulletDoorbell\PushBulletDoorbell\bin\Debug\PushBulletDoorbell.dll...
2017-03-07 2:20:27 PM, Info: Verifying assembly C:\Users\Kevin\odrive\Dropbox\Documents\Visual Studio 2008\Projects\PushBulletDoorbell\PushBulletDoorbell\bin\Debug\PushBulletDoorbell.dll
2017-03-07 2:20:27 PM, Info: Creating Archive C:\Users\Kevin\odrive\Dropbox\Documents\Visual Studio 2008\Projects\PushBulletDoorbell\PushBulletDoorbell\bin\Debug\PushBulletDoorbell.clz...
2017-03-07 2:20:27 PM, Info: Saving project information...
2017-03-09 5:03:39 PM, Info: Terminating SIMPLSharp Services
2017-03-09 5:03:39 PM, Info: Saving project information...
2017-03-09 5:03:39 PM, Info: Terminating SIMPLSharp Services
