2017-04-10 10:06:14 AM, Info: Initializing SIMPLSharp Services...
2017-04-10 10:06:15 AM, Info: ProjectInfo successfully initialized.
2017-04-10 10:16:12 AM, Info: Validating assembly C:\Users\Kevin\odrive\Dropbox\Documents\Visual Studio 2008\Projects\PushBulletDoorbell\PushBulletDoorbell\bin\Debug\PushBulletDoorbell.dll...
2017-04-10 10:16:13 AM, Info: Verifying assembly C:\Users\Kevin\odrive\Dropbox\Documents\Visual Studio 2008\Projects\PushBulletDoorbell\PushBulletDoorbell\bin\Debug\PushBulletDoorbell.dll
2017-04-10 10:16:13 AM, Info: Creating Archive C:\Users\Kevin\odrive\Dropbox\Documents\Visual Studio 2008\Projects\PushBulletDoorbell\PushBulletDoorbell\bin\Debug\PushBulletDoorbell.clz...
2017-04-10 10:16:14 AM, Info: Saving project information...
2017-04-10 10:23:44 AM, Info: Validating assembly C:\Users\Kevin\odrive\Dropbox\Documents\Visual Studio 2008\Projects\PushBulletDoorbell\PushBulletDoorbell\bin\Debug\PushBulletDoorbell.dll...
2017-04-10 10:31:25 AM, Info: Validating assembly C:\Users\Kevin\odrive\Dropbox\Documents\Visual Studio 2008\Projects\PushBulletDoorbell\PushBulletDoorbell\bin\Debug\PushBulletDoorbell.dll...
2017-04-10 10:31:25 AM, Info: Verifying assembly C:\Users\Kevin\odrive\Dropbox\Documents\Visual Studio 2008\Projects\PushBulletDoorbell\PushBulletDoorbell\bin\Debug\PushBulletDoorbell.dll
2017-04-10 10:31:25 AM, Info: Creating Archive C:\Users\Kevin\odrive\Dropbox\Documents\Visual Studio 2008\Projects\PushBulletDoorbell\PushBulletDoorbell\bin\Debug\PushBulletDoorbell.clz...
2017-04-10 10:31:26 AM, Info: Saving project information...
2017-04-10 10:49:10 AM, Info: Validating assembly C:\Users\Kevin\odrive\Dropbox\Documents\Visual Studio 2008\Projects\PushBulletDoorbell\PushBulletDoorbell\bin\Debug\PushBulletDoorbell.dll...
2017-04-10 10:49:10 AM, Info: Verifying assembly C:\Users\Kevin\odrive\Dropbox\Documents\Visual Studio 2008\Projects\PushBulletDoorbell\PushBulletDoorbell\bin\Debug\PushBulletDoorbell.dll
2017-04-10 10:49:10 AM, Info: Creating Archive C:\Users\Kevin\odrive\Dropbox\Documents\Visual Studio 2008\Projects\PushBulletDoorbell\PushBulletDoorbell\bin\Debug\PushBulletDoorbell.clz...
2017-04-10 10:49:11 AM, Info: Saving project information...
2017-04-10 10:49:18 AM, Info: Validating assembly C:\Users\Kevin\odrive\Dropbox\Documents\Visual Studio 2008\Projects\PushBulletDoorbell\PushBulletDoorbell\bin\Debug\PushBulletDoorbell.dll...
2017-04-10 10:49:19 AM, Info: Verifying assembly C:\Users\Kevin\odrive\Dropbox\Documents\Visual Studio 2008\Projects\PushBulletDoorbell\PushBulletDoorbell\bin\Debug\PushBulletDoorbell.dll
2017-04-10 10:51:07 AM, Info: Saving project information...
2017-04-10 10:51:07 AM, Info: Saving project information...
2017-04-10 10:51:07 AM, Info: Saving project information...
2017-04-10 10:56:07 AM, Info: Saving project information...
2017-04-10 10:56:07 AM, Info: Saving project information...
2017-04-10 10:56:07 AM, Info: Saving project information...
2017-04-10 11:00:47 AM, Info: Saving project information...
2017-04-10 11:00:47 AM, Info: Saving project information...
2017-04-10 11:00:47 AM, Info: Saving project information...
2017-04-10 11:00:47 AM, Info: Saving project information...
2017-04-10 11:00:47 AM, Info: Saving project information...
2017-04-10 11:00:47 AM, Info: Saving project information...
2017-04-10 11:00:49 AM, Info: Validating assembly C:\Users\Kevin\odrive\Dropbox\Documents\Visual Studio 2008\Projects\PushBulletDoorbell\PushBulletDoorbell\bin\Debug\PushBulletDoorbell.dll...
2017-04-10 11:00:49 AM, Info: Verifying assembly C:\Users\Kevin\odrive\Dropbox\Documents\Visual Studio 2008\Projects\PushBulletDoorbell\PushBulletDoorbell\bin\Debug\PushBulletDoorbell.dll
2017-04-10 11:00:49 AM, Info: Creating Archive C:\Users\Kevin\odrive\Dropbox\Documents\Visual Studio 2008\Projects\PushBulletDoorbell\PushBulletDoorbell\bin\Debug\PushBulletDoorbell.clz...
2017-04-10 11:00:50 AM, Info: Saving project information...
2017-04-10 1:42:23 PM, Info: Validating assembly C:\Users\Kevin\odrive\Dropbox\Documents\Visual Studio 2008\Projects\PushBulletDoorbell\PushBulletDoorbell\bin\Debug\PushBulletDoorbell.dll...
2017-04-10 1:42:23 PM, Info: Verifying assembly C:\Users\Kevin\odrive\Dropbox\Documents\Visual Studio 2008\Projects\PushBulletDoorbell\PushBulletDoorbell\bin\Debug\PushBulletDoorbell.dll
2017-04-10 1:42:23 PM, Info: Creating Archive C:\Users\Kevin\odrive\Dropbox\Documents\Visual Studio 2008\Projects\PushBulletDoorbell\PushBulletDoorbell\bin\Debug\PushBulletDoorbell.clz...
2017-04-10 1:42:24 PM, Info: Saving project information...
2017-04-10 2:15:42 PM, Info: Validating assembly C:\Users\Kevin\odrive\Dropbox\Documents\Visual Studio 2008\Projects\PushBulletDoorbell\PushBulletDoorbell\bin\Debug\PushBulletDoorbell.dll...
2017-04-10 2:15:42 PM, Info: Verifying assembly C:\Users\Kevin\odrive\Dropbox\Documents\Visual Studio 2008\Projects\PushBulletDoorbell\PushBulletDoorbell\bin\Debug\PushBulletDoorbell.dll
2017-04-10 2:15:42 PM, Info: Creating Archive C:\Users\Kevin\odrive\Dropbox\Documents\Visual Studio 2008\Projects\PushBulletDoorbell\PushBulletDoorbell\bin\Debug\PushBulletDoorbell.clz...
2017-04-10 2:15:44 PM, Info: Saving project information...
2017-04-10 2:40:28 PM, Info: Validating assembly C:\Users\Kevin\odrive\Dropbox\Documents\Visual Studio 2008\Projects\PushBulletDoorbell\PushBulletDoorbell\bin\Debug\PushBulletDoorbell.dll...
2017-04-10 2:40:29 PM, Info: Verifying assembly C:\Users\Kevin\odrive\Dropbox\Documents\Visual Studio 2008\Projects\PushBulletDoorbell\PushBulletDoorbell\bin\Debug\PushBulletDoorbell.dll
2017-04-10 2:40:29 PM, Info: Creating Archive C:\Users\Kevin\odrive\Dropbox\Documents\Visual Studio 2008\Projects\PushBulletDoorbell\PushBulletDoorbell\bin\Debug\PushBulletDoorbell.clz...
2017-04-10 2:40:29 PM, Info: Saving project information...
2017-04-10 2:40:53 PM, Info: Validating assembly C:\Users\Kevin\odrive\Dropbox\Documents\Visual Studio 2008\Projects\PushBulletDoorbell\PushBulletDoorbell\bin\Debug\PushBulletDoorbell.dll...
2017-04-10 2:40:54 PM, Info: Verifying assembly C:\Users\Kevin\odrive\Dropbox\Documents\Visual Studio 2008\Projects\PushBulletDoorbell\PushBulletDoorbell\bin\Debug\PushBulletDoorbell.dll
2017-04-10 2:40:54 PM, Info: Creating Archive C:\Users\Kevin\odrive\Dropbox\Documents\Visual Studio 2008\Projects\PushBulletDoorbell\PushBulletDoorbell\bin\Debug\PushBulletDoorbell.clz...
2017-04-10 2:40:54 PM, Info: Saving project information...
2017-04-10 2:41:04 PM, Info: Validating assembly C:\Users\Kevin\odrive\Dropbox\Documents\Visual Studio 2008\Projects\PushBulletDoorbell\PushBulletDoorbell\bin\Debug\PushBulletDoorbell.dll...
2017-04-10 2:41:04 PM, Info: Verifying assembly C:\Users\Kevin\odrive\Dropbox\Documents\Visual Studio 2008\Projects\PushBulletDoorbell\PushBulletDoorbell\bin\Debug\PushBulletDoorbell.dll
2017-04-10 2:41:07 PM, Info: Saving project information...
2017-04-10 2:41:07 PM, Info: Saving project information...
2017-04-10 2:41:07 PM, Info: Saving project information...
2017-04-10 2:46:07 PM, Info: Saving project information...
2017-04-10 2:46:07 PM, Info: Saving project information...
2017-04-10 2:46:07 PM, Info: Saving project information...
2017-04-10 2:51:07 PM, Info: Saving project information...
2017-04-10 2:51:07 PM, Info: Saving project information...
2017-04-10 2:51:07 PM, Info: Saving project information...
2017-04-10 2:52:50 PM, Info: Saving project information...
2017-04-10 2:52:50 PM, Info: Saving project information...
2017-04-10 2:52:50 PM, Info: Saving project information...
2017-04-10 2:52:50 PM, Info: Saving project information...
2017-04-10 2:52:50 PM, Info: Saving project information...
2017-04-10 2:52:50 PM, Info: Saving project information...
2017-04-10 2:52:52 PM, Info: Validating assembly C:\Users\Kevin\odrive\Dropbox\Documents\Visual Studio 2008\Projects\PushBulletDoorbell\PushBulletDoorbell\bin\Debug\PushBulletDoorbell.dll...
2017-04-10 2:52:52 PM, Info: Verifying assembly C:\Users\Kevin\odrive\Dropbox\Documents\Visual Studio 2008\Projects\PushBulletDoorbell\PushBulletDoorbell\bin\Debug\PushBulletDoorbell.dll
2017-04-10 2:52:52 PM, Info: Creating Archive C:\Users\Kevin\odrive\Dropbox\Documents\Visual Studio 2008\Projects\PushBulletDoorbell\PushBulletDoorbell\bin\Debug\PushBulletDoorbell.clz...
2017-04-10 2:52:53 PM, Info: Saving project information...
2017-04-10 2:55:13 PM, Info: Validating assembly C:\Users\Kevin\odrive\Dropbox\Documents\Visual Studio 2008\Projects\PushBulletDoorbell\PushBulletDoorbell\bin\Debug\PushBulletDoorbell.dll...
2017-04-10 2:55:13 PM, Info: Verifying assembly C:\Users\Kevin\odrive\Dropbox\Documents\Visual Studio 2008\Projects\PushBulletDoorbell\PushBulletDoorbell\bin\Debug\PushBulletDoorbell.dll
2017-04-10 2:55:13 PM, Info: Creating Archive C:\Users\Kevin\odrive\Dropbox\Documents\Visual Studio 2008\Projects\PushBulletDoorbell\PushBulletDoorbell\bin\Debug\PushBulletDoorbell.clz...
2017-04-10 2:55:14 PM, Info: Saving project information...
2017-04-10 2:56:03 PM, Info: Validating assembly C:\Users\Kevin\odrive\Dropbox\Documents\Visual Studio 2008\Projects\PushBulletDoorbell\PushBulletDoorbell\bin\Debug\PushBulletDoorbell.dll...
2017-04-10 2:56:03 PM, Info: Verifying assembly C:\Users\Kevin\odrive\Dropbox\Documents\Visual Studio 2008\Projects\PushBulletDoorbell\PushBulletDoorbell\bin\Debug\PushBulletDoorbell.dll
2017-04-10 2:56:03 PM, Info: Creating Archive C:\Users\Kevin\odrive\Dropbox\Documents\Visual Studio 2008\Projects\PushBulletDoorbell\PushBulletDoorbell\bin\Debug\PushBulletDoorbell.clz...
2017-04-10 2:56:04 PM, Info: Saving project information...
2017-04-10 3:12:00 PM, Info: Validating assembly C:\Users\Kevin\odrive\Dropbox\Documents\Visual Studio 2008\Projects\PushBulletDoorbell\PushBulletDoorbell\bin\Debug\PushBulletDoorbell.dll...
2017-04-10 3:12:00 PM, Info: Verifying assembly C:\Users\Kevin\odrive\Dropbox\Documents\Visual Studio 2008\Projects\PushBulletDoorbell\PushBulletDoorbell\bin\Debug\PushBulletDoorbell.dll
2017-04-10 3:12:00 PM, Info: Creating Archive C:\Users\Kevin\odrive\Dropbox\Documents\Visual Studio 2008\Projects\PushBulletDoorbell\PushBulletDoorbell\bin\Debug\PushBulletDoorbell.clz...
2017-04-10 3:12:01 PM, Info: Saving project information...
2017-04-11 7:37:58 AM, Info: Validating assembly C:\Users\Kevin\odrive\Dropbox\Documents\Visual Studio 2008\Projects\PushBulletDoorbell\PushBulletDoorbell\bin\Debug\PushBulletDoorbell.dll...
2017-04-11 7:37:58 AM, Info: Verifying assembly C:\Users\Kevin\odrive\Dropbox\Documents\Visual Studio 2008\Projects\PushBulletDoorbell\PushBulletDoorbell\bin\Debug\PushBulletDoorbell.dll
2017-04-11 7:37:58 AM, Info: Creating Archive C:\Users\Kevin\odrive\Dropbox\Documents\Visual Studio 2008\Projects\PushBulletDoorbell\PushBulletDoorbell\bin\Debug\PushBulletDoorbell.clz...
2017-04-11 7:37:58 AM, Info: Saving project information...
2017-04-11 7:38:07 AM, Info: Validating assembly C:\Users\Kevin\odrive\Dropbox\Documents\Visual Studio 2008\Projects\PushBulletDoorbell\PushBulletDoorbell\bin\Debug\PushBulletDoorbell.dll...
2017-04-11 7:38:07 AM, Info: Verifying assembly C:\Users\Kevin\odrive\Dropbox\Documents\Visual Studio 2008\Projects\PushBulletDoorbell\PushBulletDoorbell\bin\Debug\PushBulletDoorbell.dll
2017-04-11 7:38:07 AM, Info: Creating Archive C:\Users\Kevin\odrive\Dropbox\Documents\Visual Studio 2008\Projects\PushBulletDoorbell\PushBulletDoorbell\bin\Debug\PushBulletDoorbell.clz...
2017-04-11 7:38:08 AM, Info: Saving project information...
2017-04-11 7:45:10 AM, Info: Validating assembly C:\Users\Kevin\odrive\Dropbox\Documents\Visual Studio 2008\Projects\PushBulletDoorbell\PushBulletDoorbell\bin\Debug\PushBulletDoorbell.dll...
2017-04-11 7:45:11 AM, Info: Verifying assembly C:\Users\Kevin\odrive\Dropbox\Documents\Visual Studio 2008\Projects\PushBulletDoorbell\PushBulletDoorbell\bin\Debug\PushBulletDoorbell.dll
2017-04-11 7:45:11 AM, Info: Creating Archive C:\Users\Kevin\odrive\Dropbox\Documents\Visual Studio 2008\Projects\PushBulletDoorbell\PushBulletDoorbell\bin\Debug\PushBulletDoorbell.clz...
2017-04-11 7:45:11 AM, Info: Saving project information...
2017-04-11 7:59:19 AM, Info: Validating assembly C:\Users\Kevin\odrive\Dropbox\Documents\Visual Studio 2008\Projects\PushBulletDoorbell\PushBulletDoorbell\bin\Debug\PushBulletDoorbell.dll...
2017-04-11 7:59:20 AM, Info: Verifying assembly C:\Users\Kevin\odrive\Dropbox\Documents\Visual Studio 2008\Projects\PushBulletDoorbell\PushBulletDoorbell\bin\Debug\PushBulletDoorbell.dll
2017-04-11 7:59:20 AM, Info: Creating Archive C:\Users\Kevin\odrive\Dropbox\Documents\Visual Studio 2008\Projects\PushBulletDoorbell\PushBulletDoorbell\bin\Debug\PushBulletDoorbell.clz...
2017-04-11 7:59:20 AM, Info: Saving project information...
2017-04-11 8:08:56 AM, Info: Validating assembly C:\Users\Kevin\odrive\Dropbox\Documents\Visual Studio 2008\Projects\PushBulletDoorbell\PushBulletDoorbell\bin\Debug\PushBulletDoorbell.dll...
2017-04-11 8:08:56 AM, Info: Verifying assembly C:\Users\Kevin\odrive\Dropbox\Documents\Visual Studio 2008\Projects\PushBulletDoorbell\PushBulletDoorbell\bin\Debug\PushBulletDoorbell.dll
2017-04-11 8:08:57 AM, Info: Creating Archive C:\Users\Kevin\odrive\Dropbox\Documents\Visual Studio 2008\Projects\PushBulletDoorbell\PushBulletDoorbell\bin\Debug\PushBulletDoorbell.clz...
2017-04-11 8:08:57 AM, Info: Saving project information...
2017-04-11 8:14:05 AM, Info: Validating assembly C:\Users\Kevin\odrive\Dropbox\Documents\Visual Studio 2008\Projects\PushBulletDoorbell\PushBulletDoorbell\bin\Debug\PushBulletDoorbell.dll...
2017-04-11 8:14:05 AM, Info: Verifying assembly C:\Users\Kevin\odrive\Dropbox\Documents\Visual Studio 2008\Projects\PushBulletDoorbell\PushBulletDoorbell\bin\Debug\PushBulletDoorbell.dll
2017-04-11 8:14:05 AM, Info: Creating Archive C:\Users\Kevin\odrive\Dropbox\Documents\Visual Studio 2008\Projects\PushBulletDoorbell\PushBulletDoorbell\bin\Debug\PushBulletDoorbell.clz...
2017-04-11 8:14:05 AM, Info: Saving project information...
2017-04-11 8:23:55 AM, Info: Validating assembly C:\Users\Kevin\odrive\Dropbox\Documents\Visual Studio 2008\Projects\PushBulletDoorbell\PushBulletDoorbell\bin\Debug\PushBulletDoorbell.dll...
2017-04-11 8:23:56 AM, Info: Verifying assembly C:\Users\Kevin\odrive\Dropbox\Documents\Visual Studio 2008\Projects\PushBulletDoorbell\PushBulletDoorbell\bin\Debug\PushBulletDoorbell.dll
2017-04-11 8:23:56 AM, Info: Creating Archive C:\Users\Kevin\odrive\Dropbox\Documents\Visual Studio 2008\Projects\PushBulletDoorbell\PushBulletDoorbell\bin\Debug\PushBulletDoorbell.clz...
2017-04-11 8:23:56 AM, Info: Saving project information...
2017-04-11 8:31:25 AM, Info: Validating assembly C:\Users\Kevin\odrive\Dropbox\Documents\Visual Studio 2008\Projects\PushBulletDoorbell\PushBulletDoorbell\bin\Debug\PushBulletDoorbell.dll...
2017-04-11 8:31:25 AM, Info: Verifying assembly C:\Users\Kevin\odrive\Dropbox\Documents\Visual Studio 2008\Projects\PushBulletDoorbell\PushBulletDoorbell\bin\Debug\PushBulletDoorbell.dll
2017-04-11 8:31:25 AM, Info: Creating Archive C:\Users\Kevin\odrive\Dropbox\Documents\Visual Studio 2008\Projects\PushBulletDoorbell\PushBulletDoorbell\bin\Debug\PushBulletDoorbell.clz...
2017-04-11 8:31:26 AM, Info: Saving project information...
2017-04-11 8:39:53 AM, Info: Validating assembly C:\Users\Kevin\odrive\Dropbox\Documents\Visual Studio 2008\Projects\PushBulletDoorbell\PushBulletDoorbell\bin\Debug\PushBulletDoorbell.dll...
2017-04-11 8:39:53 AM, Info: Verifying assembly C:\Users\Kevin\odrive\Dropbox\Documents\Visual Studio 2008\Projects\PushBulletDoorbell\PushBulletDoorbell\bin\Debug\PushBulletDoorbell.dll
2017-04-11 8:39:53 AM, Info: Creating Archive C:\Users\Kevin\odrive\Dropbox\Documents\Visual Studio 2008\Projects\PushBulletDoorbell\PushBulletDoorbell\bin\Debug\PushBulletDoorbell.clz...
2017-04-11 8:39:54 AM, Info: Saving project information...
2017-04-11 8:40:07 AM, Info: Validating assembly C:\Users\Kevin\odrive\Dropbox\Documents\Visual Studio 2008\Projects\PushBulletDoorbell\PushBulletDoorbell\bin\Debug\PushBulletDoorbell.dll...
2017-04-11 8:40:08 AM, Info: Verifying assembly C:\Users\Kevin\odrive\Dropbox\Documents\Visual Studio 2008\Projects\PushBulletDoorbell\PushBulletDoorbell\bin\Debug\PushBulletDoorbell.dll
2017-04-11 8:40:08 AM, Info: Creating Archive C:\Users\Kevin\odrive\Dropbox\Documents\Visual Studio 2008\Projects\PushBulletDoorbell\PushBulletDoorbell\bin\Debug\PushBulletDoorbell.clz...
2017-04-11 8:40:08 AM, Info: Saving project information...
2017-04-11 9:07:43 AM, Info: Validating assembly C:\Users\Kevin\odrive\Dropbox\Documents\Visual Studio 2008\Projects\PushBulletDoorbell\PushBulletDoorbell\bin\Debug\PushBulletDoorbell.dll...
2017-04-11 9:07:43 AM, Info: Verifying assembly C:\Users\Kevin\odrive\Dropbox\Documents\Visual Studio 2008\Projects\PushBulletDoorbell\PushBulletDoorbell\bin\Debug\PushBulletDoorbell.dll
2017-04-11 9:07:43 AM, Info: Creating Archive C:\Users\Kevin\odrive\Dropbox\Documents\Visual Studio 2008\Projects\PushBulletDoorbell\PushBulletDoorbell\bin\Debug\PushBulletDoorbell.clz...
2017-04-11 9:07:44 AM, Info: Saving project information...
2017-04-11 9:16:02 AM, Info: Validating assembly C:\Users\Kevin\odrive\Dropbox\Documents\Visual Studio 2008\Projects\PushBulletDoorbell\PushBulletDoorbell\bin\Debug\PushBulletDoorbell.dll...
2017-04-11 9:16:03 AM, Info: Verifying assembly C:\Users\Kevin\odrive\Dropbox\Documents\Visual Studio 2008\Projects\PushBulletDoorbell\PushBulletDoorbell\bin\Debug\PushBulletDoorbell.dll
2017-04-11 9:16:03 AM, Info: Creating Archive C:\Users\Kevin\odrive\Dropbox\Documents\Visual Studio 2008\Projects\PushBulletDoorbell\PushBulletDoorbell\bin\Debug\PushBulletDoorbell.clz...
2017-04-11 9:16:03 AM, Info: Saving project information...
2017-04-11 9:16:38 AM, Info: Validating assembly C:\Users\Kevin\odrive\Dropbox\Documents\Visual Studio 2008\Projects\PushBulletDoorbell\PushBulletDoorbell\bin\Debug\PushBulletDoorbell.dll...
2017-04-11 9:16:38 AM, Info: Verifying assembly C:\Users\Kevin\odrive\Dropbox\Documents\Visual Studio 2008\Projects\PushBulletDoorbell\PushBulletDoorbell\bin\Debug\PushBulletDoorbell.dll
2017-04-11 9:16:38 AM, Info: Creating Archive C:\Users\Kevin\odrive\Dropbox\Documents\Visual Studio 2008\Projects\PushBulletDoorbell\PushBulletDoorbell\bin\Debug\PushBulletDoorbell.clz...
2017-04-11 9:16:38 AM, Info: Saving project information...
2017-04-11 9:17:23 AM, Info: Validating assembly C:\Users\Kevin\odrive\Dropbox\Documents\Visual Studio 2008\Projects\PushBulletDoorbell\PushBulletDoorbell\bin\Debug\PushBulletDoorbell.dll...
2017-04-11 9:17:23 AM, Info: Verifying assembly C:\Users\Kevin\odrive\Dropbox\Documents\Visual Studio 2008\Projects\PushBulletDoorbell\PushBulletDoorbell\bin\Debug\PushBulletDoorbell.dll
2017-04-11 9:17:23 AM, Info: Creating Archive C:\Users\Kevin\odrive\Dropbox\Documents\Visual Studio 2008\Projects\PushBulletDoorbell\PushBulletDoorbell\bin\Debug\PushBulletDoorbell.clz...
2017-04-11 9:17:23 AM, Info: Saving project information...
2017-04-11 9:17:36 AM, Info: Validating assembly C:\Users\Kevin\odrive\Dropbox\Documents\Visual Studio 2008\Projects\PushBulletDoorbell\PushBulletDoorbell\bin\Debug\PushBulletDoorbell.dll...
2017-04-11 9:17:36 AM, Info: Verifying assembly C:\Users\Kevin\odrive\Dropbox\Documents\Visual Studio 2008\Projects\PushBulletDoorbell\PushBulletDoorbell\bin\Debug\PushBulletDoorbell.dll
2017-04-11 9:17:36 AM, Info: Creating Archive C:\Users\Kevin\odrive\Dropbox\Documents\Visual Studio 2008\Projects\PushBulletDoorbell\PushBulletDoorbell\bin\Debug\PushBulletDoorbell.clz...
2017-04-11 9:17:37 AM, Info: Saving project information...
2017-04-11 9:26:50 AM, Info: Validating assembly C:\Users\Kevin\odrive\Dropbox\Documents\Visual Studio 2008\Projects\PushBulletDoorbell\PushBulletDoorbell\bin\Debug\PushBulletDoorbell.dll...
2017-04-11 9:26:50 AM, Info: Verifying assembly C:\Users\Kevin\odrive\Dropbox\Documents\Visual Studio 2008\Projects\PushBulletDoorbell\PushBulletDoorbell\bin\Debug\PushBulletDoorbell.dll
2017-04-11 9:26:50 AM, Info: Creating Archive C:\Users\Kevin\odrive\Dropbox\Documents\Visual Studio 2008\Projects\PushBulletDoorbell\PushBulletDoorbell\bin\Debug\PushBulletDoorbell.clz...
2017-04-11 9:26:51 AM, Info: Saving project information...
2017-04-11 9:49:20 AM, Info: Validating assembly C:\Users\Kevin\odrive\Dropbox\Documents\Visual Studio 2008\Projects\PushBulletDoorbell\PushBulletDoorbell\bin\Debug\PushBulletDoorbell.dll...
2017-04-11 9:49:20 AM, Info: Verifying assembly C:\Users\Kevin\odrive\Dropbox\Documents\Visual Studio 2008\Projects\PushBulletDoorbell\PushBulletDoorbell\bin\Debug\PushBulletDoorbell.dll
2017-04-11 9:49:20 AM, Info: Creating Archive C:\Users\Kevin\odrive\Dropbox\Documents\Visual Studio 2008\Projects\PushBulletDoorbell\PushBulletDoorbell\bin\Debug\PushBulletDoorbell.clz...
2017-04-11 9:49:21 AM, Info: Saving project information...
2017-04-11 10:39:53 AM, Info: Validating assembly C:\Users\Kevin\odrive\Dropbox\Documents\Visual Studio 2008\Projects\PushBulletDoorbell\PushBulletDoorbell\bin\Debug\PushBulletDoorbell.dll...
2017-04-11 10:39:53 AM, Info: Verifying assembly C:\Users\Kevin\odrive\Dropbox\Documents\Visual Studio 2008\Projects\PushBulletDoorbell\PushBulletDoorbell\bin\Debug\PushBulletDoorbell.dll
2017-04-11 10:39:53 AM, Info: Creating Archive C:\Users\Kevin\odrive\Dropbox\Documents\Visual Studio 2008\Projects\PushBulletDoorbell\PushBulletDoorbell\bin\Debug\PushBulletDoorbell.clz...
2017-04-11 10:39:54 AM, Info: Saving project information...
2017-04-11 10:40:10 AM, Info: Validating assembly C:\Users\Kevin\odrive\Dropbox\Documents\Visual Studio 2008\Projects\PushBulletDoorbell\PushBulletDoorbell\bin\Debug\PushBulletDoorbell.dll...
2017-04-11 10:40:10 AM, Info: Verifying assembly C:\Users\Kevin\odrive\Dropbox\Documents\Visual Studio 2008\Projects\PushBulletDoorbell\PushBulletDoorbell\bin\Debug\PushBulletDoorbell.dll
2017-04-11 10:40:10 AM, Info: Creating Archive C:\Users\Kevin\odrive\Dropbox\Documents\Visual Studio 2008\Projects\PushBulletDoorbell\PushBulletDoorbell\bin\Debug\PushBulletDoorbell.clz...
2017-04-11 10:40:11 AM, Info: Saving project information...
2017-04-11 11:19:01 AM, Info: Validating assembly C:\Users\Kevin\odrive\Dropbox\Documents\Visual Studio 2008\Projects\PushBulletDoorbell\PushBulletDoorbell\bin\Debug\PushBulletDoorbell.dll...
2017-04-11 11:19:01 AM, Info: Verifying assembly C:\Users\Kevin\odrive\Dropbox\Documents\Visual Studio 2008\Projects\PushBulletDoorbell\PushBulletDoorbell\bin\Debug\PushBulletDoorbell.dll
2017-04-11 11:19:02 AM, Info: Creating Archive C:\Users\Kevin\odrive\Dropbox\Documents\Visual Studio 2008\Projects\PushBulletDoorbell\PushBulletDoorbell\bin\Debug\PushBulletDoorbell.clz...
2017-04-11 11:19:02 AM, Info: Saving project information...
2017-04-11 11:57:20 AM, Info: Saving project information...
2017-04-11 11:57:20 AM, Info: Saving project information...
2017-04-11 11:57:20 AM, Info: Saving project information...
2017-04-11 11:57:34 AM, Info: Saving project information...
2017-04-11 11:57:34 AM, Info: Saving project information...
2017-04-11 11:57:34 AM, Info: Saving project information...
2017-04-11 11:57:34 AM, Info: Saving project information...
2017-04-11 11:57:34 AM, Info: Saving project information...
2017-04-11 11:57:34 AM, Info: Saving project information...
2017-04-11 11:57:36 AM, Info: Validating assembly C:\Users\Kevin\odrive\Dropbox\Documents\Visual Studio 2008\Projects\PushBulletDoorbell\PushBulletDoorbell\bin\Debug\PushBulletDoorbell.dll...
2017-04-11 11:57:36 AM, Info: Verifying assembly C:\Users\Kevin\odrive\Dropbox\Documents\Visual Studio 2008\Projects\PushBulletDoorbell\PushBulletDoorbell\bin\Debug\PushBulletDoorbell.dll
2017-04-11 11:57:37 AM, Info: Creating Archive C:\Users\Kevin\odrive\Dropbox\Documents\Visual Studio 2008\Projects\PushBulletDoorbell\PushBulletDoorbell\bin\Debug\PushBulletDoorbell.clz...
2017-04-11 11:57:37 AM, Info: Saving project information...
2017-04-11 12:22:57 PM, Info: Validating assembly C:\Users\Kevin\odrive\Dropbox\Documents\Visual Studio 2008\Projects\PushBulletDoorbell\PushBulletDoorbell\bin\Debug\PushBulletDoorbell.dll...
2017-04-11 12:22:57 PM, Info: Verifying assembly C:\Users\Kevin\odrive\Dropbox\Documents\Visual Studio 2008\Projects\PushBulletDoorbell\PushBulletDoorbell\bin\Debug\PushBulletDoorbell.dll
2017-04-11 12:22:57 PM, Info: Creating Archive C:\Users\Kevin\odrive\Dropbox\Documents\Visual Studio 2008\Projects\PushBulletDoorbell\PushBulletDoorbell\bin\Debug\PushBulletDoorbell.clz...
2017-04-11 12:22:58 PM, Info: Saving project information...
2017-04-11 12:25:22 PM, Info: Validating assembly C:\Users\Kevin\odrive\Dropbox\Documents\Visual Studio 2008\Projects\PushBulletDoorbell\PushBulletDoorbell\bin\Debug\PushBulletDoorbell.dll...
2017-04-11 12:25:23 PM, Info: Verifying assembly C:\Users\Kevin\odrive\Dropbox\Documents\Visual Studio 2008\Projects\PushBulletDoorbell\PushBulletDoorbell\bin\Debug\PushBulletDoorbell.dll
2017-04-11 12:25:23 PM, Info: Creating Archive C:\Users\Kevin\odrive\Dropbox\Documents\Visual Studio 2008\Projects\PushBulletDoorbell\PushBulletDoorbell\bin\Debug\PushBulletDoorbell.clz...
2017-04-11 12:25:23 PM, Info: Saving project information...
2017-04-11 12:33:31 PM, Info: Saving project information...
2017-04-11 12:33:31 PM, Info: Saving project information...
2017-04-11 12:33:31 PM, Info: Saving project information...
2017-04-11 12:33:31 PM, Info: Saving project information...
2017-04-11 12:33:31 PM, Info: Saving project information...
2017-04-11 12:33:31 PM, Info: Saving project information...
2017-04-11 12:33:32 PM, Info: Validating assembly C:\Users\Kevin\odrive\Dropbox\Documents\Visual Studio 2008\Projects\PushBulletDoorbell\PushBulletDoorbell\bin\Debug\PushBulletDoorbell.dll...
2017-04-11 12:33:32 PM, Info: Verifying assembly C:\Users\Kevin\odrive\Dropbox\Documents\Visual Studio 2008\Projects\PushBulletDoorbell\PushBulletDoorbell\bin\Debug\PushBulletDoorbell.dll
2017-04-11 12:33:33 PM, Info: Creating Archive C:\Users\Kevin\odrive\Dropbox\Documents\Visual Studio 2008\Projects\PushBulletDoorbell\PushBulletDoorbell\bin\Debug\PushBulletDoorbell.clz...
2017-04-11 12:33:33 PM, Info: Saving project information...
2017-04-11 12:37:22 PM, Info: Validating assembly C:\Users\Kevin\odrive\Dropbox\Documents\Visual Studio 2008\Projects\PushBulletDoorbell\PushBulletDoorbell\bin\Debug\PushBulletDoorbell.dll...
2017-04-11 12:37:23 PM, Info: Verifying assembly C:\Users\Kevin\odrive\Dropbox\Documents\Visual Studio 2008\Projects\PushBulletDoorbell\PushBulletDoorbell\bin\Debug\PushBulletDoorbell.dll
2017-04-11 12:37:23 PM, Info: Creating Archive C:\Users\Kevin\odrive\Dropbox\Documents\Visual Studio 2008\Projects\PushBulletDoorbell\PushBulletDoorbell\bin\Debug\PushBulletDoorbell.clz...
2017-04-11 12:37:23 PM, Info: Saving project information...
2017-04-11 12:40:16 PM, Info: Validating assembly C:\Users\Kevin\odrive\Dropbox\Documents\Visual Studio 2008\Projects\PushBulletDoorbell\PushBulletDoorbell\bin\Debug\PushBulletDoorbell.dll...
2017-04-11 12:40:16 PM, Info: Verifying assembly C:\Users\Kevin\odrive\Dropbox\Documents\Visual Studio 2008\Projects\PushBulletDoorbell\PushBulletDoorbell\bin\Debug\PushBulletDoorbell.dll
2017-04-11 12:40:16 PM, Info: Creating Archive C:\Users\Kevin\odrive\Dropbox\Documents\Visual Studio 2008\Projects\PushBulletDoorbell\PushBulletDoorbell\bin\Debug\PushBulletDoorbell.clz...
2017-04-11 12:40:17 PM, Info: Saving project information...
2017-04-11 12:53:42 PM, Info: Validating assembly C:\Users\Kevin\odrive\Dropbox\Documents\Visual Studio 2008\Projects\PushBulletDoorbell\PushBulletDoorbell\bin\Debug\PushBulletDoorbell.dll...
2017-04-11 12:53:42 PM, Info: Verifying assembly C:\Users\Kevin\odrive\Dropbox\Documents\Visual Studio 2008\Projects\PushBulletDoorbell\PushBulletDoorbell\bin\Debug\PushBulletDoorbell.dll
2017-04-11 12:53:43 PM, Info: Creating Archive C:\Users\Kevin\odrive\Dropbox\Documents\Visual Studio 2008\Projects\PushBulletDoorbell\PushBulletDoorbell\bin\Debug\PushBulletDoorbell.clz...
2017-04-11 12:53:43 PM, Info: Saving project information...
2017-04-11 12:54:53 PM, Info: Validating assembly C:\Users\Kevin\odrive\Dropbox\Documents\Visual Studio 2008\Projects\PushBulletDoorbell\PushBulletDoorbell\bin\Debug\PushBulletDoorbell.dll...
2017-04-11 12:54:53 PM, Info: Verifying assembly C:\Users\Kevin\odrive\Dropbox\Documents\Visual Studio 2008\Projects\PushBulletDoorbell\PushBulletDoorbell\bin\Debug\PushBulletDoorbell.dll
2017-04-11 12:54:53 PM, Info: Creating Archive C:\Users\Kevin\odrive\Dropbox\Documents\Visual Studio 2008\Projects\PushBulletDoorbell\PushBulletDoorbell\bin\Debug\PushBulletDoorbell.clz...
2017-04-11 12:54:54 PM, Info: Saving project information...
2017-04-11 2:23:34 PM, Info: Validating assembly C:\Users\Kevin\odrive\Dropbox\Documents\Visual Studio 2008\Projects\PushBulletDoorbell\PushBulletDoorbell\bin\Debug\PushBulletDoorbell.dll...
2017-04-11 2:23:35 PM, Info: Verifying assembly C:\Users\Kevin\odrive\Dropbox\Documents\Visual Studio 2008\Projects\PushBulletDoorbell\PushBulletDoorbell\bin\Debug\PushBulletDoorbell.dll
2017-04-11 2:23:36 PM, Info: Creating Archive C:\Users\Kevin\odrive\Dropbox\Documents\Visual Studio 2008\Projects\PushBulletDoorbell\PushBulletDoorbell\bin\Debug\PushBulletDoorbell.clz...
2017-04-11 2:23:37 PM, Info: Saving project information...
2017-04-11 2:24:54 PM, Info: Validating assembly C:\Users\Kevin\odrive\Dropbox\Documents\Visual Studio 2008\Projects\PushBulletDoorbell\PushBulletDoorbell\bin\Debug\PushBulletDoorbell.dll...
2017-04-11 2:24:55 PM, Info: Verifying assembly C:\Users\Kevin\odrive\Dropbox\Documents\Visual Studio 2008\Projects\PushBulletDoorbell\PushBulletDoorbell\bin\Debug\PushBulletDoorbell.dll
2017-04-11 2:24:55 PM, Info: Creating Archive C:\Users\Kevin\odrive\Dropbox\Documents\Visual Studio 2008\Projects\PushBulletDoorbell\PushBulletDoorbell\bin\Debug\PushBulletDoorbell.clz...
2017-04-11 2:24:55 PM, Info: Saving project information...
2017-04-11 2:34:30 PM, Info: Validating assembly C:\Users\Kevin\odrive\Dropbox\Documents\Visual Studio 2008\Projects\PushBulletDoorbell\PushBulletDoorbell\bin\Debug\PushBulletDoorbell.dll...
2017-04-11 2:34:30 PM, Info: Verifying assembly C:\Users\Kevin\odrive\Dropbox\Documents\Visual Studio 2008\Projects\PushBulletDoorbell\PushBulletDoorbell\bin\Debug\PushBulletDoorbell.dll
2017-04-11 2:34:30 PM, Info: Creating Archive C:\Users\Kevin\odrive\Dropbox\Documents\Visual Studio 2008\Projects\PushBulletDoorbell\PushBulletDoorbell\bin\Debug\PushBulletDoorbell.clz...
2017-04-11 2:34:31 PM, Info: Saving project information...
2017-04-11 2:49:27 PM, Info: Validating assembly C:\Users\Kevin\odrive\Dropbox\Documents\Visual Studio 2008\Projects\PushBulletDoorbell\PushBulletDoorbell\bin\Debug\PushBulletDoorbell.dll...
2017-04-11 2:49:28 PM, Info: Verifying assembly C:\Users\Kevin\odrive\Dropbox\Documents\Visual Studio 2008\Projects\PushBulletDoorbell\PushBulletDoorbell\bin\Debug\PushBulletDoorbell.dll
2017-04-11 2:49:28 PM, Info: Creating Archive C:\Users\Kevin\odrive\Dropbox\Documents\Visual Studio 2008\Projects\PushBulletDoorbell\PushBulletDoorbell\bin\Debug\PushBulletDoorbell.clz...
2017-04-11 2:49:28 PM, Info: Saving project information...
2017-04-11 4:50:38 PM, Info: Validating assembly C:\Users\Kevin\odrive\Dropbox\Documents\Visual Studio 2008\Projects\PushBulletDoorbell\PushBulletDoorbell\bin\Debug\PushBulletDoorbell.dll...
2017-04-11 4:50:38 PM, Info: Verifying assembly C:\Users\Kevin\odrive\Dropbox\Documents\Visual Studio 2008\Projects\PushBulletDoorbell\PushBulletDoorbell\bin\Debug\PushBulletDoorbell.dll
2017-04-11 4:50:38 PM, Info: Creating Archive C:\Users\Kevin\odrive\Dropbox\Documents\Visual Studio 2008\Projects\PushBulletDoorbell\PushBulletDoorbell\bin\Debug\PushBulletDoorbell.clz...
2017-04-11 4:50:39 PM, Info: Saving project information...
2017-04-11 4:56:23 PM, Info: Validating assembly C:\Users\Kevin\odrive\Dropbox\Documents\Visual Studio 2008\Projects\PushBulletDoorbell\PushBulletDoorbell\bin\Debug\PushBulletDoorbell.dll...
2017-04-11 4:56:24 PM, Info: Verifying assembly C:\Users\Kevin\odrive\Dropbox\Documents\Visual Studio 2008\Projects\PushBulletDoorbell\PushBulletDoorbell\bin\Debug\PushBulletDoorbell.dll
2017-04-11 4:56:24 PM, Info: Creating Archive C:\Users\Kevin\odrive\Dropbox\Documents\Visual Studio 2008\Projects\PushBulletDoorbell\PushBulletDoorbell\bin\Debug\PushBulletDoorbell.clz...
2017-04-11 4:56:24 PM, Info: Saving project information...
2017-04-11 5:05:06 PM, Info: Validating assembly C:\Users\Kevin\odrive\Dropbox\Documents\Visual Studio 2008\Projects\PushBulletDoorbell\PushBulletDoorbell\bin\Debug\PushBulletDoorbell.dll...
2017-04-11 5:05:07 PM, Info: Verifying assembly C:\Users\Kevin\odrive\Dropbox\Documents\Visual Studio 2008\Projects\PushBulletDoorbell\PushBulletDoorbell\bin\Debug\PushBulletDoorbell.dll
2017-04-11 5:05:07 PM, Info: Creating Archive C:\Users\Kevin\odrive\Dropbox\Documents\Visual Studio 2008\Projects\PushBulletDoorbell\PushBulletDoorbell\bin\Debug\PushBulletDoorbell.clz...
2017-04-11 5:05:07 PM, Info: Saving project information...
2017-04-11 5:32:07 PM, Info: Validating assembly C:\Users\Kevin\odrive\Dropbox\Documents\Visual Studio 2008\Projects\PushBulletDoorbell\PushBulletDoorbell\bin\Debug\PushBulletDoorbell.dll...
2017-04-11 5:32:08 PM, Info: Verifying assembly C:\Users\Kevin\odrive\Dropbox\Documents\Visual Studio 2008\Projects\PushBulletDoorbell\PushBulletDoorbell\bin\Debug\PushBulletDoorbell.dll
2017-04-11 5:32:08 PM, Info: Creating Archive C:\Users\Kevin\odrive\Dropbox\Documents\Visual Studio 2008\Projects\PushBulletDoorbell\PushBulletDoorbell\bin\Debug\PushBulletDoorbell.clz...
2017-04-11 5:32:08 PM, Info: Saving project information...
2017-04-11 5:53:21 PM, Info: Validating assembly C:\Users\Kevin\odrive\Dropbox\Documents\Visual Studio 2008\Projects\PushBulletDoorbell\PushBulletDoorbell\bin\Debug\PushBulletDoorbell.dll...
2017-04-11 5:53:22 PM, Info: Verifying assembly C:\Users\Kevin\odrive\Dropbox\Documents\Visual Studio 2008\Projects\PushBulletDoorbell\PushBulletDoorbell\bin\Debug\PushBulletDoorbell.dll
2017-04-11 5:53:22 PM, Info: Creating Archive C:\Users\Kevin\odrive\Dropbox\Documents\Visual Studio 2008\Projects\PushBulletDoorbell\PushBulletDoorbell\bin\Debug\PushBulletDoorbell.clz...
2017-04-11 5:53:22 PM, Info: Saving project information...
2017-04-11 6:00:24 PM, Info: Terminating SIMPLSharp Services
