2017-04-11 10:28:40 PM, Info: Initializing SIMPLSharp Services...
2017-04-11 10:28:42 PM, Info: ProjectInfo successfully initialized.
2017-04-11 10:33:45 PM, Info: Saving project information...
2017-04-11 10:33:45 PM, Info: Saving project information...
2017-04-11 10:33:45 PM, Info: Saving project information...
2017-04-11 10:38:45 PM, Info: Saving project information...
2017-04-11 10:38:45 PM, Info: Saving project information...
2017-04-11 10:38:45 PM, Info: Saving project information...
2017-04-11 10:43:45 PM, Info: Saving project information...
2017-04-11 10:43:45 PM, Info: Saving project information...
2017-04-11 10:43:45 PM, Info: Saving project information...
2017-04-11 10:48:45 PM, Info: Saving project information...
2017-04-11 10:48:45 PM, Info: Saving project information...
2017-04-11 10:48:45 PM, Info: Saving project information...
2017-04-11 10:53:45 PM, Info: Saving project information...
2017-04-11 10:53:45 PM, Info: Saving project information...
2017-04-11 10:53:45 PM, Info: Saving project information...
2017-04-11 10:58:45 PM, Info: Saving project information...
2017-04-11 10:58:45 PM, Info: Saving project information...
2017-04-11 10:58:45 PM, Info: Saving project information...
2017-04-11 11:03:45 PM, Info: Saving project information...
2017-04-11 11:03:45 PM, Info: Saving project information...
2017-04-11 11:03:45 PM, Info: Saving project information...
2017-04-11 11:08:45 PM, Info: Saving project information...
2017-04-11 11:08:45 PM, Info: Saving project information...
2017-04-11 11:08:45 PM, Info: Saving project information...
2017-04-11 11:13:45 PM, Info: Saving project information...
2017-04-11 11:13:45 PM, Info: Saving project information...
2017-04-11 11:13:45 PM, Info: Saving project information...
2017-04-11 11:18:45 PM, Info: Saving project information...
2017-04-11 11:18:45 PM, Info: Saving project information...
2017-04-11 11:18:45 PM, Info: Saving project information...
2017-04-11 11:23:45 PM, Info: Saving project information...
2017-04-11 11:23:45 PM, Info: Saving project information...
2017-04-11 11:23:45 PM, Info: Saving project information...
2017-04-11 11:28:45 PM, Info: Saving project information...
2017-04-11 11:28:45 PM, Info: Saving project information...
2017-04-11 11:28:45 PM, Info: Saving project information...
2017-04-11 11:33:45 PM, Info: Saving project information...
2017-04-11 11:33:45 PM, Info: Saving project information...
2017-04-11 11:33:45 PM, Info: Saving project information...
2017-04-11 11:38:45 PM, Info: Saving project information...
2017-04-11 11:38:45 PM, Info: Saving project information...
2017-04-11 11:38:45 PM, Info: Saving project information...
2017-04-11 11:43:45 PM, Info: Saving project information...
2017-04-11 11:43:45 PM, Info: Saving project information...
2017-04-11 11:43:45 PM, Info: Saving project information...
2017-04-11 11:48:45 PM, Info: Saving project information...
2017-04-11 11:48:45 PM, Info: Saving project information...
2017-04-11 11:48:45 PM, Info: Saving project information...
2017-04-11 11:53:45 PM, Info: Saving project information...
2017-04-11 11:53:45 PM, Info: Saving project information...
2017-04-11 11:53:45 PM, Info: Saving project information...
2017-04-11 11:58:45 PM, Info: Saving project information...
2017-04-11 11:58:45 PM, Info: Saving project information...
2017-04-11 11:58:45 PM, Info: Saving project information...
2017-04-12 12:03:45 AM, Info: Saving project information...
2017-04-12 12:03:45 AM, Info: Saving project information...
2017-04-12 12:03:45 AM, Info: Saving project information...
2017-04-12 12:08:45 AM, Info: Saving project information...
2017-04-12 12:08:45 AM, Info: Saving project information...
2017-04-12 12:08:45 AM, Info: Saving project information...
2017-04-12 12:13:45 AM, Info: Saving project information...
2017-04-12 12:13:45 AM, Info: Saving project information...
2017-04-12 12:13:45 AM, Info: Saving project information...
2017-04-12 12:18:45 AM, Info: Saving project information...
2017-04-12 12:18:45 AM, Info: Saving project information...
2017-04-12 12:18:45 AM, Info: Saving project information...
2017-04-12 12:23:45 AM, Info: Saving project information...
2017-04-12 12:23:45 AM, Info: Saving project information...
2017-04-12 12:23:45 AM, Info: Saving project information...
2017-04-12 12:28:45 AM, Info: Saving project information...
2017-04-12 12:28:45 AM, Info: Saving project information...
2017-04-12 12:28:45 AM, Info: Saving project information...
2017-04-12 12:33:45 AM, Info: Saving project information...
2017-04-12 12:33:45 AM, Info: Saving project information...
2017-04-12 12:33:45 AM, Info: Saving project information...
2017-04-12 12:38:45 AM, Info: Saving project information...
2017-04-12 12:38:45 AM, Info: Saving project information...
2017-04-12 12:38:45 AM, Info: Saving project information...
2017-04-12 12:43:45 AM, Info: Saving project information...
2017-04-12 12:43:45 AM, Info: Saving project information...
2017-04-12 12:43:45 AM, Info: Saving project information...
2017-04-12 12:48:45 AM, Info: Saving project information...
2017-04-12 12:48:45 AM, Info: Saving project information...
2017-04-12 12:48:45 AM, Info: Saving project information...
2017-04-12 12:53:45 AM, Info: Saving project information...
2017-04-12 12:53:45 AM, Info: Saving project information...
2017-04-12 12:53:45 AM, Info: Saving project information...
2017-04-12 12:58:45 AM, Info: Saving project information...
2017-04-12 12:58:45 AM, Info: Saving project information...
2017-04-12 12:58:45 AM, Info: Saving project information...
2017-04-12 1:03:45 AM, Info: Saving project information...
2017-04-12 1:03:45 AM, Info: Saving project information...
2017-04-12 1:03:45 AM, Info: Saving project information...
2017-04-12 1:08:45 AM, Info: Saving project information...
2017-04-12 1:08:45 AM, Info: Saving project information...
2017-04-12 1:08:45 AM, Info: Saving project information...
2017-04-12 1:13:45 AM, Info: Saving project information...
2017-04-12 1:13:45 AM, Info: Saving project information...
2017-04-12 1:13:45 AM, Info: Saving project information...
2017-04-12 1:18:45 AM, Info: Saving project information...
2017-04-12 1:18:45 AM, Info: Saving project information...
2017-04-12 1:18:45 AM, Info: Saving project information...
2017-04-12 1:23:45 AM, Info: Saving project information...
2017-04-12 1:23:45 AM, Info: Saving project information...
2017-04-12 1:23:45 AM, Info: Saving project information...
2017-04-12 1:28:45 AM, Info: Saving project information...
2017-04-12 1:28:45 AM, Info: Saving project information...
2017-04-12 1:28:45 AM, Info: Saving project information...
2017-04-12 1:33:45 AM, Info: Saving project information...
2017-04-12 1:33:45 AM, Info: Saving project information...
2017-04-12 1:33:45 AM, Info: Saving project information...
2017-04-12 1:38:45 AM, Info: Saving project information...
2017-04-12 1:38:45 AM, Info: Saving project information...
2017-04-12 1:38:45 AM, Info: Saving project information...
2017-04-12 1:43:45 AM, Info: Saving project information...
2017-04-12 1:43:45 AM, Info: Saving project information...
2017-04-12 1:43:45 AM, Info: Saving project information...
2017-04-12 1:48:45 AM, Info: Saving project information...
2017-04-12 1:48:45 AM, Info: Saving project information...
2017-04-12 1:48:45 AM, Info: Saving project information...
2017-04-12 1:53:45 AM, Info: Saving project information...
2017-04-12 1:53:45 AM, Info: Saving project information...
2017-04-12 1:53:45 AM, Info: Saving project information...
2017-04-12 1:58:45 AM, Info: Saving project information...
2017-04-12 1:58:45 AM, Info: Saving project information...
2017-04-12 1:58:45 AM, Info: Saving project information...
2017-04-12 2:03:45 AM, Info: Saving project information...
2017-04-12 2:03:45 AM, Info: Saving project information...
2017-04-12 2:03:45 AM, Info: Saving project information...
2017-04-12 2:08:45 AM, Info: Saving project information...
2017-04-12 2:08:45 AM, Info: Saving project information...
2017-04-12 2:08:45 AM, Info: Saving project information...
2017-04-12 2:13:45 AM, Info: Saving project information...
2017-04-12 2:13:45 AM, Info: Saving project information...
2017-04-12 2:13:45 AM, Info: Saving project information...
2017-04-12 2:18:45 AM, Info: Saving project information...
2017-04-12 2:18:45 AM, Info: Saving project information...
2017-04-12 2:18:45 AM, Info: Saving project information...
2017-04-12 2:23:45 AM, Info: Saving project information...
2017-04-12 2:23:45 AM, Info: Saving project information...
2017-04-12 2:23:45 AM, Info: Saving project information...
2017-04-12 2:28:45 AM, Info: Saving project information...
2017-04-12 2:28:45 AM, Info: Saving project information...
2017-04-12 2:28:45 AM, Info: Saving project information...
2017-04-12 2:33:45 AM, Info: Saving project information...
2017-04-12 2:33:45 AM, Info: Saving project information...
2017-04-12 2:33:45 AM, Info: Saving project information...
2017-04-12 2:38:45 AM, Info: Saving project information...
2017-04-12 2:38:45 AM, Info: Saving project information...
2017-04-12 2:38:45 AM, Info: Saving project information...
2017-04-12 2:43:45 AM, Info: Saving project information...
2017-04-12 2:43:45 AM, Info: Saving project information...
2017-04-12 2:43:45 AM, Info: Saving project information...
2017-04-12 2:48:45 AM, Info: Saving project information...
2017-04-12 2:48:45 AM, Info: Saving project information...
2017-04-12 2:48:45 AM, Info: Saving project information...
2017-04-12 2:53:45 AM, Info: Saving project information...
2017-04-12 2:53:45 AM, Info: Saving project information...
2017-04-12 2:53:45 AM, Info: Saving project information...
2017-04-12 2:58:45 AM, Info: Saving project information...
2017-04-12 2:58:45 AM, Info: Saving project information...
2017-04-12 2:58:45 AM, Info: Saving project information...
2017-04-12 3:03:45 AM, Info: Saving project information...
2017-04-12 3:03:45 AM, Info: Saving project information...
2017-04-12 3:03:45 AM, Info: Saving project information...
2017-04-12 3:08:45 AM, Info: Saving project information...
2017-04-12 3:08:45 AM, Info: Saving project information...
2017-04-12 3:08:45 AM, Info: Saving project information...
2017-04-12 3:13:45 AM, Info: Saving project information...
2017-04-12 3:13:45 AM, Info: Saving project information...
2017-04-12 3:13:45 AM, Info: Saving project information...
2017-04-12 3:18:45 AM, Info: Saving project information...
2017-04-12 3:18:45 AM, Info: Saving project information...
2017-04-12 3:18:45 AM, Info: Saving project information...
2017-04-12 3:23:45 AM, Info: Saving project information...
2017-04-12 3:23:45 AM, Info: Saving project information...
2017-04-12 3:23:45 AM, Info: Saving project information...
2017-04-12 3:28:45 AM, Info: Saving project information...
2017-04-12 3:28:45 AM, Info: Saving project information...
2017-04-12 3:28:45 AM, Info: Saving project information...
2017-04-12 3:33:45 AM, Info: Saving project information...
2017-04-12 3:33:45 AM, Info: Saving project information...
2017-04-12 3:33:45 AM, Info: Saving project information...
2017-04-12 3:38:45 AM, Info: Saving project information...
2017-04-12 3:38:45 AM, Info: Saving project information...
2017-04-12 3:38:45 AM, Info: Saving project information...
2017-04-12 3:43:45 AM, Info: Saving project information...
2017-04-12 3:43:45 AM, Info: Saving project information...
2017-04-12 3:43:45 AM, Info: Saving project information...
2017-04-12 3:48:45 AM, Info: Saving project information...
2017-04-12 3:48:45 AM, Info: Saving project information...
2017-04-12 3:48:45 AM, Info: Saving project information...
2017-04-12 3:53:45 AM, Info: Saving project information...
2017-04-12 3:53:45 AM, Info: Saving project information...
2017-04-12 3:53:45 AM, Info: Saving project information...
2017-04-12 3:58:45 AM, Info: Saving project information...
2017-04-12 3:58:45 AM, Info: Saving project information...
2017-04-12 3:58:45 AM, Info: Saving project information...
2017-04-12 4:03:45 AM, Info: Saving project information...
2017-04-12 4:03:45 AM, Info: Saving project information...
2017-04-12 4:03:45 AM, Info: Saving project information...
2017-04-12 4:08:45 AM, Info: Saving project information...
2017-04-12 4:08:45 AM, Info: Saving project information...
2017-04-12 4:08:45 AM, Info: Saving project information...
2017-04-12 4:13:45 AM, Info: Saving project information...
2017-04-12 4:13:45 AM, Info: Saving project information...
2017-04-12 4:13:45 AM, Info: Saving project information...
2017-04-12 4:18:45 AM, Info: Saving project information...
2017-04-12 4:18:45 AM, Info: Saving project information...
2017-04-12 4:18:45 AM, Info: Saving project information...
2017-04-12 4:23:45 AM, Info: Saving project information...
2017-04-12 4:23:45 AM, Info: Saving project information...
2017-04-12 4:23:45 AM, Info: Saving project information...
2017-04-12 4:28:45 AM, Info: Saving project information...
2017-04-12 4:28:45 AM, Info: Saving project information...
2017-04-12 4:28:45 AM, Info: Saving project information...
2017-04-12 4:33:45 AM, Info: Saving project information...
2017-04-12 4:33:45 AM, Info: Saving project information...
2017-04-12 4:33:45 AM, Info: Saving project information...
2017-04-12 4:38:45 AM, Info: Saving project information...
2017-04-12 4:38:45 AM, Info: Saving project information...
2017-04-12 4:38:45 AM, Info: Saving project information...
2017-04-12 4:43:45 AM, Info: Saving project information...
2017-04-12 4:43:45 AM, Info: Saving project information...
2017-04-12 4:43:45 AM, Info: Saving project information...
2017-04-12 4:48:45 AM, Info: Saving project information...
2017-04-12 4:48:45 AM, Info: Saving project information...
2017-04-12 4:48:45 AM, Info: Saving project information...
2017-04-12 4:53:45 AM, Info: Saving project information...
2017-04-12 4:53:45 AM, Info: Saving project information...
2017-04-12 4:53:45 AM, Info: Saving project information...
2017-04-12 4:58:45 AM, Info: Saving project information...
2017-04-12 4:58:45 AM, Info: Saving project information...
2017-04-12 4:58:45 AM, Info: Saving project information...
2017-04-12 5:03:45 AM, Info: Saving project information...
2017-04-12 5:03:45 AM, Info: Saving project information...
2017-04-12 5:03:45 AM, Info: Saving project information...
2017-04-12 5:08:45 AM, Info: Saving project information...
2017-04-12 5:08:45 AM, Info: Saving project information...
2017-04-12 5:08:45 AM, Info: Saving project information...
2017-04-12 5:13:45 AM, Info: Saving project information...
2017-04-12 5:13:45 AM, Info: Saving project information...
2017-04-12 5:13:45 AM, Info: Saving project information...
2017-04-12 5:18:45 AM, Info: Saving project information...
2017-04-12 5:18:45 AM, Info: Saving project information...
2017-04-12 5:18:45 AM, Info: Saving project information...
2017-04-12 5:23:45 AM, Info: Saving project information...
2017-04-12 5:23:45 AM, Info: Saving project information...
2017-04-12 5:23:45 AM, Info: Saving project information...
2017-04-12 5:28:45 AM, Info: Saving project information...
2017-04-12 5:28:45 AM, Info: Saving project information...
2017-04-12 5:28:45 AM, Info: Saving project information...
2017-04-12 5:33:45 AM, Info: Saving project information...
2017-04-12 5:33:45 AM, Info: Saving project information...
2017-04-12 5:33:45 AM, Info: Saving project information...
2017-04-12 5:38:45 AM, Info: Saving project information...
2017-04-12 5:38:45 AM, Info: Saving project information...
2017-04-12 5:38:45 AM, Info: Saving project information...
2017-04-12 5:43:45 AM, Info: Saving project information...
2017-04-12 5:43:45 AM, Info: Saving project information...
2017-04-12 5:43:45 AM, Info: Saving project information...
2017-04-12 5:48:45 AM, Info: Saving project information...
2017-04-12 5:48:45 AM, Info: Saving project information...
2017-04-12 5:48:45 AM, Info: Saving project information...
2017-04-12 5:53:45 AM, Info: Saving project information...
2017-04-12 5:53:45 AM, Info: Saving project information...
2017-04-12 5:53:45 AM, Info: Saving project information...
2017-04-12 5:58:45 AM, Info: Saving project information...
2017-04-12 5:58:45 AM, Info: Saving project information...
2017-04-12 5:58:45 AM, Info: Saving project information...
2017-04-12 6:03:45 AM, Info: Saving project information...
2017-04-12 6:03:45 AM, Info: Saving project information...
2017-04-12 6:03:45 AM, Info: Saving project information...
2017-04-12 6:08:45 AM, Info: Saving project information...
2017-04-12 6:08:45 AM, Info: Saving project information...
2017-04-12 6:08:45 AM, Info: Saving project information...
2017-04-12 6:13:45 AM, Info: Saving project information...
2017-04-12 6:13:45 AM, Info: Saving project information...
2017-04-12 6:13:45 AM, Info: Saving project information...
2017-04-12 6:18:45 AM, Info: Saving project information...
2017-04-12 6:18:45 AM, Info: Saving project information...
2017-04-12 6:18:45 AM, Info: Saving project information...
2017-04-12 6:23:45 AM, Info: Saving project information...
2017-04-12 6:23:45 AM, Info: Saving project information...
2017-04-12 6:23:45 AM, Info: Saving project information...
2017-04-12 6:28:45 AM, Info: Saving project information...
2017-04-12 6:28:45 AM, Info: Saving project information...
2017-04-12 6:28:45 AM, Info: Saving project information...
2017-04-12 6:33:45 AM, Info: Saving project information...
2017-04-12 6:33:45 AM, Info: Saving project information...
2017-04-12 6:33:45 AM, Info: Saving project information...
2017-04-12 6:38:45 AM, Info: Saving project information...
2017-04-12 6:38:45 AM, Info: Saving project information...
2017-04-12 6:38:45 AM, Info: Saving project information...
2017-04-12 6:43:45 AM, Info: Saving project information...
2017-04-12 6:43:45 AM, Info: Saving project information...
2017-04-12 6:43:45 AM, Info: Saving project information...
2017-04-12 6:48:45 AM, Info: Saving project information...
2017-04-12 6:48:45 AM, Info: Saving project information...
2017-04-12 6:48:45 AM, Info: Saving project information...
2017-04-12 6:53:45 AM, Info: Saving project information...
2017-04-12 6:53:45 AM, Info: Saving project information...
2017-04-12 6:53:45 AM, Info: Saving project information...
2017-04-12 6:58:45 AM, Info: Saving project information...
2017-04-12 6:58:45 AM, Info: Saving project information...
2017-04-12 6:58:45 AM, Info: Saving project information...
2017-04-12 7:03:45 AM, Info: Saving project information...
2017-04-12 7:03:45 AM, Info: Saving project information...
2017-04-12 7:03:45 AM, Info: Saving project information...
2017-04-12 7:28:13 AM, Info: Saving project information...
2017-04-12 7:28:13 AM, Info: Saving project information...
2017-04-12 7:28:13 AM, Info: Saving project information...
2017-04-12 7:33:13 AM, Info: Saving project information...
2017-04-12 7:33:13 AM, Info: Saving project information...
2017-04-12 7:33:13 AM, Info: Saving project information...
2017-04-12 7:38:13 AM, Info: Saving project information...
2017-04-12 7:38:13 AM, Info: Saving project information...
2017-04-12 7:38:13 AM, Info: Saving project information...
2017-04-12 7:43:13 AM, Info: Saving project information...
2017-04-12 7:43:13 AM, Info: Saving project information...
2017-04-12 7:43:13 AM, Info: Saving project information...
2017-04-12 7:45:55 AM, Info: Saving project information...
2017-04-12 7:45:55 AM, Info: Saving project information...
2017-04-12 7:45:55 AM, Info: Saving project information...
2017-04-12 7:45:55 AM, Info: Saving project information...
2017-04-12 7:45:55 AM, Info: Saving project information...
2017-04-12 7:45:55 AM, Info: Saving project information...
2017-04-12 7:45:57 AM, Info: Validating assembly C:\Users\Kevin\odrive\Dropbox\Documents\Visual Studio 2008\Projects\PushBulletDoorbell\PushBulletDoorbell\bin\Debug\PushBulletDoorbell.dll...
2017-04-12 7:45:58 AM, Info: Verifying assembly C:\Users\Kevin\odrive\Dropbox\Documents\Visual Studio 2008\Projects\PushBulletDoorbell\PushBulletDoorbell\bin\Debug\PushBulletDoorbell.dll
2017-04-12 7:45:58 AM, Info: Creating Archive C:\Users\Kevin\odrive\Dropbox\Documents\Visual Studio 2008\Projects\PushBulletDoorbell\PushBulletDoorbell\bin\Debug\PushBulletDoorbell.clz...
2017-04-12 7:45:58 AM, Info: Saving project information...
2017-04-12 7:54:11 AM, Info: Validating assembly C:\Users\Kevin\odrive\Dropbox\Documents\Visual Studio 2008\Projects\PushBulletDoorbell\PushBulletDoorbell\bin\Debug\PushBulletDoorbell.dll...
2017-04-12 7:54:12 AM, Info: Verifying assembly C:\Users\Kevin\odrive\Dropbox\Documents\Visual Studio 2008\Projects\PushBulletDoorbell\PushBulletDoorbell\bin\Debug\PushBulletDoorbell.dll
2017-04-12 7:54:12 AM, Info: Creating Archive C:\Users\Kevin\odrive\Dropbox\Documents\Visual Studio 2008\Projects\PushBulletDoorbell\PushBulletDoorbell\bin\Debug\PushBulletDoorbell.clz...
2017-04-12 7:54:12 AM, Info: Saving project information...
2017-04-12 8:02:51 AM, Info: Validating assembly C:\Users\Kevin\odrive\Dropbox\Documents\Visual Studio 2008\Projects\PushBulletDoorbell\PushBulletDoorbell\bin\Debug\PushBulletDoorbell.dll...
2017-04-12 8:02:51 AM, Info: Verifying assembly C:\Users\Kevin\odrive\Dropbox\Documents\Visual Studio 2008\Projects\PushBulletDoorbell\PushBulletDoorbell\bin\Debug\PushBulletDoorbell.dll
2017-04-12 8:02:51 AM, Info: Creating Archive C:\Users\Kevin\odrive\Dropbox\Documents\Visual Studio 2008\Projects\PushBulletDoorbell\PushBulletDoorbell\bin\Debug\PushBulletDoorbell.clz...
2017-04-12 8:02:52 AM, Info: Saving project information...
2017-04-12 8:05:56 AM, Info: Validating assembly C:\Users\Kevin\odrive\Dropbox\Documents\Visual Studio 2008\Projects\PushBulletDoorbell\PushBulletDoorbell\bin\Debug\PushBulletDoorbell.dll...
2017-04-12 8:05:56 AM, Info: Verifying assembly C:\Users\Kevin\odrive\Dropbox\Documents\Visual Studio 2008\Projects\PushBulletDoorbell\PushBulletDoorbell\bin\Debug\PushBulletDoorbell.dll
2017-04-12 8:05:56 AM, Info: Creating Archive C:\Users\Kevin\odrive\Dropbox\Documents\Visual Studio 2008\Projects\PushBulletDoorbell\PushBulletDoorbell\bin\Debug\PushBulletDoorbell.clz...
2017-04-12 8:05:57 AM, Info: Saving project information...
2017-04-12 8:32:21 AM, Info: Validating assembly C:\Users\Kevin\odrive\Dropbox\Documents\Visual Studio 2008\Projects\PushBulletDoorbell\PushBulletDoorbell\bin\Debug\PushBulletDoorbell.dll...
2017-04-12 8:32:22 AM, Info: Verifying assembly C:\Users\Kevin\odrive\Dropbox\Documents\Visual Studio 2008\Projects\PushBulletDoorbell\PushBulletDoorbell\bin\Debug\PushBulletDoorbell.dll
2017-04-12 8:32:22 AM, Info: Creating Archive C:\Users\Kevin\odrive\Dropbox\Documents\Visual Studio 2008\Projects\PushBulletDoorbell\PushBulletDoorbell\bin\Debug\PushBulletDoorbell.clz...
2017-04-12 8:32:22 AM, Info: Saving project information...
2017-04-12 8:37:45 AM, Info: Validating assembly C:\Users\Kevin\odrive\Dropbox\Documents\Visual Studio 2008\Projects\PushBulletDoorbell\PushBulletDoorbell\bin\Debug\PushBulletDoorbell.dll...
2017-04-12 8:37:45 AM, Info: Verifying assembly C:\Users\Kevin\odrive\Dropbox\Documents\Visual Studio 2008\Projects\PushBulletDoorbell\PushBulletDoorbell\bin\Debug\PushBulletDoorbell.dll
2017-04-12 8:37:45 AM, Info: Creating Archive C:\Users\Kevin\odrive\Dropbox\Documents\Visual Studio 2008\Projects\PushBulletDoorbell\PushBulletDoorbell\bin\Debug\PushBulletDoorbell.clz...
2017-04-12 8:37:45 AM, Info: Saving project information...
2017-04-12 8:49:14 AM, Info: Terminating SIMPLSharp Services
